TN:
SF:/home/runner/work/flockstorm/flockstorm/build/_deps/catch2-src/src/catch2/catch_approx.hpp
FN:42,43,_ZN5Catch6ApproxC2IfvEERKT_
FN:47,50,_ZN5CatcheqIfvEEbRKT_RKNS_6ApproxE
FN:88,92,_ZN5Catch6Approx7epsilonIfvEERS0_RKT_
FN:95,99,_ZN5Catch6Approx6marginIfvEERS0_RKT_
FNDA:260,_ZN5Catch6ApproxC2IfvEERKT_
FNDA:260,_ZN5CatcheqIfvEEbRKT_RKNS_6ApproxE
FNDA:37,_ZN5Catch6Approx7epsilonIfvEERS0_RKT_
FNDA:2,_ZN5Catch6Approx6marginIfvEERS0_RKT_
FNF:4
FNH:4
DA:42,260
DA:43,260
DA:47,260
DA:48,260
DA:49,260
DA:88,37
DA:89,37
DA:90,37
DA:91,37
DA:95,2
DA:96,2
DA:97,2
DA:98,2
LF:13
LH:13
end_of_record
TN:
SF:/home/runner/work/flockstorm/flockstorm/build/_deps/catch2-src/src/catch2/catch_tostring.hpp
FN:124,130,_ZN5Catch11StringMakerI7vector3IiEvE7convertIS2_EENSt9enable_ifIXsrNS_6Detail18IsStreamInsertableIT_EE5valueENSt7__cxx1112basic_stringIcSt11char_traitsIcESaIcEEEE4typeERKS8_
FN:135,141,_ZN5Catch11StringMakerIN9__gnu_cxx17__normal_iteratorIPjSt6vectorIjSaIjEEEEvE7convertIS7_EENSt9enable_ifIXntsrNS_6Detail18IsStreamInsertableIT_EE5valueENSt7__cxx1112basic_stringIcSt11char_traitsIcESaIcEEEE4typeERKSD_
FN:135,141,_ZN5Catch11StringMakerINSt8__detail14_Node_iteratorISt4pairIK7vector3IiESt6vectorIjSaIjEEELb0ELb1EEEvE7convertISB_EENSt9enable_ifIXntsrNS_6Detail18IsStreamInsertableIT_EE5valueENSt7__cxx1112basic_stringIcSt11char_traitsIcESaIcEEEE4typeERKSH_
FN:149,151,_ZN5Catch6Detail9stringifyI7vector3IiEEENSt7__cxx1112basic_stringIcSt11char_traitsIcESaIcEEERKT_
FN:149,151,_ZN5Catch6Detail9stringifyIN9__gnu_cxx17__normal_iteratorIPjSt6vectorIjSaIjEEEEEENSt7__cxx1112basic_stringIcSt11char_traitsIcESaIcEEERKT_
FN:149,151,_ZN5Catch6Detail9stringifyINS_6ApproxEEENSt7__cxx1112basic_stringIcSt11char_traitsIcESaIcEEERKT_
FN:149,151,_ZN5Catch6Detail9stringifyINSt8__detail14_Node_iteratorISt4pairIK7vector3IiESt6vectorIjSaIjEEELb0ELb1EEEEENSt7__cxx1112basic_stringIcSt11char_traitsIcESaIcEEERKT_
FN:149,151,_ZN5Catch6Detail9stringifyIbEENSt7__cxx1112basic_stringIcSt11char_traitsIcESaIcEEERKT_
FN:149,151,_ZN5Catch6Detail9stringifyIfEENSt7__cxx1112basic_stringIcSt11char_traitsIcESaIcEEERKT_
FN:149,151,_ZN5Catch6Detail9stringifyIiEENSt7__cxx1112basic_stringIcSt11char_traitsIcESaIcEEERKT_
FN:149,151,_ZN5Catch6Detail9stringifyIjEENSt7__cxx1112basic_stringIcSt11char_traitsIcESaIcEEERKT_
FN:149,151,_ZN5Catch6Detail9stringifyImEENSt7__cxx1112basic_stringIcSt11char_traitsIcESaIcEEERKT_
FN:270,273,_ZN5Catch11StringMakerIbvE7convertB5cxx11Eb
FN:86,88,_ZN5Catch6Detail19convertUnstreamableIN9__gnu_cxx17__normal_iteratorIPjSt6vectorIjSaIjEEEEEENSt9enable_ifIXaantsrSt7is_enumIT_E5valuentsrSt10is_base_ofISt9exceptionSB_E5valueENSt7__cxx1112basic_stringIcSt11char_traitsIcESaIcEEEE4typeERKSB_
FN:86,88,_ZN5Catch6Detail19convertUnstreamableINSt8__detail14_Node_iteratorISt4pairIK7vector3IiESt6vectorIjSaIjEEELb0ELb1EEEEENSt9enable_ifIXaantsrSt7is_enumIT_E5valuentsrSt10is_base_ofISt9exceptionSF_E5valueENSt7__cxx1112basic_stringIcSt11char_traitsIcESaIcEEEE4typeERKSF_
FNDA:0,_ZN5Catch11StringMakerI7vector3IiEvE7convertIS2_EENSt9enable_ifIXsrNS_6Detail18IsStreamInsertableIT_EE5valueENSt7__cxx1112basic_stringIcSt11char_traitsIcESaIcEEEE4typeERKS8_
FNDA:0,_ZN5Catch11StringMakerIN9__gnu_cxx17__normal_iteratorIPjSt6vectorIjSaIjEEEEvE7convertIS7_EENSt9enable_ifIXntsrNS_6Detail18IsStreamInsertableIT_EE5valueENSt7__cxx1112basic_stringIcSt11char_traitsIcESaIcEEEE4typeERKSD_
FNDA:0,_ZN5Catch11StringMakerINSt8__detail14_Node_iteratorISt4pairIK7vector3IiESt6vectorIjSaIjEEELb0ELb1EEEvE7convertISB_EENSt9enable_ifIXntsrNS_6Detail18IsStreamInsertableIT_EE5valueENSt7__cxx1112basic_stringIcSt11char_traitsIcESaIcEEEE4typeERKSH_
FNDA:0,_ZN5Catch6Detail9stringifyI7vector3IiEEENSt7__cxx1112basic_stringIcSt11char_traitsIcESaIcEEERKT_
FNDA:0,_ZN5Catch6Detail9stringifyIN9__gnu_cxx17__normal_iteratorIPjSt6vectorIjSaIjEEEEEENSt7__cxx1112basic_stringIcSt11char_traitsIcESaIcEEERKT_
FNDA:0,_ZN5Catch6Detail9stringifyINS_6ApproxEEENSt7__cxx1112basic_stringIcSt11char_traitsIcESaIcEEERKT_
FNDA:0,_ZN5Catch6Detail9stringifyINSt8__detail14_Node_iteratorISt4pairIK7vector3IiESt6vectorIjSaIjEEELb0ELb1EEEEENSt7__cxx1112basic_stringIcSt11char_traitsIcESaIcEEERKT_
FNDA:0,_ZN5Catch6Detail9stringifyIbEENSt7__cxx1112basic_stringIcSt11char_traitsIcESaIcEEERKT_
FNDA:2,_ZN5Catch6Detail9stringifyIfEENSt7__cxx1112basic_stringIcSt11char_traitsIcESaIcEEERKT_
FNDA:0,_ZN5Catch6Detail9stringifyIiEENSt7__cxx1112basic_stringIcSt11char_traitsIcESaIcEEERKT_
FNDA:0,_ZN5Catch6Detail9stringifyIjEENSt7__cxx1112basic_stringIcSt11char_traitsIcESaIcEEERKT_
FNDA:0,_ZN5Catch6Detail9stringifyImEENSt7__cxx1112basic_stringIcSt11char_traitsIcESaIcEEERKT_
FNDA:0,_ZN5Catch11StringMakerIbvE7convertB5cxx11Eb
FNDA:0,_ZN5Catch6Detail19convertUnstreamableIN9__gnu_cxx17__normal_iteratorIPjSt6vectorIjSaIjEEEEEENSt9enable_ifIXaantsrSt7is_enumIT_E5valuentsrSt10is_base_ofISt9exceptionSB_E5valueENSt7__cxx1112basic_stringIcSt11char_traitsIcESaIcEEEE4typeERKSB_
FNDA:0,_ZN5Catch6Detail19convertUnstreamableINSt8__detail14_Node_iteratorISt4pairIK7vector3IiESt6vectorIjSaIjEEELb0ELb1EEEEENSt9enable_ifIXaantsrSt7is_enumIT_E5valuentsrSt10is_base_ofISt9exceptionSF_E5valueENSt7__cxx1112basic_stringIcSt11char_traitsIcESaIcEEEE4typeERKSF_
FNF:15
FNH:1
DA:86,0
DA:87,0
DA:124,0
DA:125,0
DA:128,0
DA:129,0
DA:130,0
DA:135,0
DA:137,0
DA:149,2
DA:150,2
DA:270,0
DA:272,0
LF:13
LH:2
end_of_record
TN:
SF:/home/runner/work/flockstorm/flockstorm/build/_deps/catch2-src/src/catch2/internal/catch_assertion_handler.hpp
FN:37,41,_ZN5Catch16AssertionHandlerD2Ev
FN:45,47,_ZN5Catch16AssertionHandler10handleExprIbEEvRKNS_7ExprLhsIT_EE
FNDA:699,_ZN5Catch16AssertionHandlerD2Ev
FNDA:12,_ZN5Catch16AssertionHandler10handleExprIbEEvRKNS_7ExprLhsIT_EE
FNF:2
FNH:2
DA:37,699
DA:38,699
DA:39,0
DA:41,699
DA:45,12
DA:46,12
DA:47,12
LF:7
LH:6
end_of_record
TN:
SF:/home/runner/work/flockstorm/flockstorm/build/_deps/catch2-src/src/catch2/internal/catch_decomposer.hpp
FN:169,172,_ZN5Catch20ITransientExpressionC2Ebb
FN:191,194,_ZNK5Catch10BinaryExprIR7vector3IiERKS2_E29streamReconstructedExpressionERSo
FN:191,194,_ZNK5Catch10BinaryExprIRK7vector3IiES4_E29streamReconstructedExpressionERSo
FN:191,194,_ZNK5Catch10BinaryExprIRKN9__gnu_cxx17__normal_iteratorIPjSt6vectorIjSaIjEEEES9_E29streamReconstructedExpressionERSo
FN:191,194,_ZNK5Catch10BinaryExprIRKNSt8__detail14_Node_iteratorISt4pairIK7vector3IiESt6vectorIjSaIjEEELb0ELb1EEESD_E29streamReconstructedExpressionERSo
FN:191,194,_ZNK5Catch10BinaryExprIRNSt8__detail14_Node_iteratorISt4pairIK7vector3IiESt6vectorIjSaIjEEELb0ELb1EEERKSB_E29streamReconstructedExpressionERSo
FN:191,194,_ZNK5Catch10BinaryExprIfRKNS_6ApproxEE29streamReconstructedExpressionERSo
FN:191,194,_ZNK5Catch10BinaryExprIfRNS_6ApproxEE29streamReconstructedExpressionERSo
FN:191,194,_ZNK5Catch10BinaryExprIffE29streamReconstructedExpressionERSo
FN:191,194,_ZNK5Catch10BinaryExprIiiE29streamReconstructedExpressionERSo
FN:191,194,_ZNK5Catch10BinaryExprIjiE29streamReconstructedExpressionERSo
FN:191,194,_ZNK5Catch10BinaryExprIjjE29streamReconstructedExpressionERSo
FN:191,194,_ZNK5Catch10BinaryExprImiE29streamReconstructedExpressionERSo
FN:191,194,_ZNK5Catch10BinaryExprImmE29streamReconstructedExpressionERSo
FN:197,202,_ZN5Catch10BinaryExprIR7vector3IiERKS2_EC2EbS3_NS_9StringRefES5_
FN:197,202,_ZN5Catch10BinaryExprIRK7vector3IiES4_EC2EbS4_NS_9StringRefES4_
FN:197,202,_ZN5Catch10BinaryExprIRKN9__gnu_cxx17__normal_iteratorIPjSt6vectorIjSaIjEEEES9_EC2EbS9_NS_9StringRefES9_
FN:197,202,_ZN5Catch10BinaryExprIRKNSt8__detail14_Node_iteratorISt4pairIK7vector3IiESt6vectorIjSaIjEEELb0ELb1EEESD_EC2EbSD_NS_9StringRefESD_
FN:197,202,_ZN5Catch10BinaryExprIRNSt8__detail14_Node_iteratorISt4pairIK7vector3IiESt6vectorIjSaIjEEELb0ELb1EEERKSB_EC2EbSC_NS_9StringRefESE_
FN:197,202,_ZN5Catch10BinaryExprIfRKNS_6ApproxEEC2EbfNS_9StringRefES3_
FN:197,202,_ZN5Catch10BinaryExprIfRNS_6ApproxEEC2EbfNS_9StringRefES2_
FN:197,202,_ZN5Catch10BinaryExprIffEC2EbfNS_9StringRefEf
FN:197,202,_ZN5Catch10BinaryExprIiiEC2EbiNS_9StringRefEi
FN:197,202,_ZN5Catch10BinaryExprIjiEC2EbjNS_9StringRefEi
FN:197,202,_ZN5Catch10BinaryExprIjjEC2EbjNS_9StringRefEj
FN:197,202,_ZN5Catch10BinaryExprImiEC2EbmNS_9StringRefEi
FN:197,202,_ZN5Catch10BinaryExprImmEC2EbmNS_9StringRefEm
FN:265,267,_ZNK5Catch9UnaryExprIbE29streamReconstructedExpressionERSo
FN:270,273,_ZN5Catch9UnaryExprIbEC2Eb
FN:281,281,_ZN5Catch7ExprLhsIR7vector3IiEEC2ES3_
FN:281,281,_ZN5Catch7ExprLhsIRK7vector3IiEEC2ES4_
FN:281,281,_ZN5Catch7ExprLhsIRKN9__gnu_cxx17__normal_iteratorIPjSt6vectorIjSaIjEEEEEC2ES9_
FN:281,281,_ZN5Catch7ExprLhsIRKNSt8__detail14_Node_iteratorISt4pairIK7vector3IiESt6vectorIjSaIjEEELb0ELb1EEEEC2ESD_
FN:281,281,_ZN5Catch7ExprLhsIRNSt8__detail14_Node_iteratorISt4pairIK7vector3IiESt6vectorIjSaIjEEELb0ELb1EEEEC2ESC_
FN:281,281,_ZN5Catch7ExprLhsIbEC2Eb
FN:281,281,_ZN5Catch7ExprLhsIfEC2Ef
FN:281,281,_ZN5Catch7ExprLhsIiEC2Ei
FN:281,281,_ZN5Catch7ExprLhsIjEC2Ej
FN:281,281,_ZN5Catch7ExprLhsImEC2Em
FN:331,331,_ZN5CatcheqI7vector3IiEEENSt9enable_ifIXsrSt11conjunctionIJNS_6Detail16is_eq_comparableIRS2_T_vEESt8negationINS_16capture_by_valueINSt9remove_cvINSt16remove_referenceIS8_E4typeEE4typeEEEEEE5valueENS_10BinaryExprIS7_RKS8_EEE4typeEONS_7ExprLhsIS7_EEOS8_
FN:331,331,_ZN5CatcheqINS_6ApproxEEENSt9enable_ifIXsrSt11conjunctionIJNS_6Detail16is_eq_comparableIfT_vEESt8negationINS_16capture_by_valueINSt9remove_cvINSt16remove_referenceIS6_E4typeEE4typeEEEEEE5valueENS_10BinaryExprIfRKS6_EEE4typeEONS_7ExprLhsIfEEOS6_
FN:331,331,_ZN5CatcheqINSt8__detail14_Node_iteratorISt4pairIK7vector3IiESt6vectorIjSaIjEEELb0ELb1EEEEENSt9enable_ifIXsrSt11conjunctionIJNS_6Detail16is_eq_comparableIRKSB_T_vEESt8negationINS_16capture_by_valueINSt9remove_cvINSt16remove_referenceISI_E4typeEE4typeEEEEEE5valueENS_10BinaryExprISH_RKSI_EEE4typeEONS_7ExprLhsISH_EEOSI_
FN:331,331,_ZN5CatcheqIRK7vector3IiEEENSt9enable_ifIXsrSt11conjunctionIJNS_6Detail16is_eq_comparableIS4_T_vEESt8negationINS_16capture_by_valueINSt9remove_cvINSt16remove_referenceIS9_E4typeEE4typeEEEEEE5valueENS_10BinaryExprIS4_RKS9_EEE4typeEONS_7ExprLhsIS4_EEOS9_
FN:331,331,_ZN5CatcheqIRNS_6ApproxEEENSt9enable_ifIXsrSt11conjunctionIJNS_6Detail16is_eq_comparableIfT_vEESt8negationINS_16capture_by_valueINSt9remove_cvINSt16remove_referenceIS7_E4typeEE4typeEEEEEE5valueENS_10BinaryExprIfRKS7_EEE4typeEONS_7ExprLhsIfEEOS7_
FN:331,331,_ZN5CatcheqIiEENSt9enable_ifIXsrSt11conjunctionIJNS_6Detail16is_eq_comparableIiT_vEENS_16capture_by_valueIS5_EEEE5valueENS_10BinaryExprIiS5_EEE4typeEONS_7ExprLhsIiEES5_
FN:331,331,_ZN5CatcheqIiEENSt9enable_ifIXsrSt11conjunctionIJNS_6Detail16is_eq_comparableIjT_vEENS_16capture_by_valueIS5_EEEE5valueENS_10BinaryExprIjS5_EEE4typeEONS_7ExprLhsIjEES5_
FN:331,331,_ZN5CatcheqIiEENSt9enable_ifIXsrSt11conjunctionIJNS_6Detail16is_eq_comparableImT_vEENS_16capture_by_valueIS5_EEEE5valueENS_10BinaryExprImS5_EEE4typeEONS_7ExprLhsImEES5_
FN:331,331,_ZN5CatcheqIjEENSt9enable_ifIXsrSt11conjunctionIJNS_6Detail16is_eq_comparableIjT_vEENS_16capture_by_valueIS5_EEEE5valueENS_10BinaryExprIjS5_EEE4typeEONS_7ExprLhsIjEES5_
FN:331,331,_ZN5CatcheqImEENSt9enable_ifIXsrSt11conjunctionIJNS_6Detail16is_eq_comparableImT_vEENS_16capture_by_valueIS5_EEEE5valueENS_10BinaryExprImS5_EEE4typeEONS_7ExprLhsImEES5_
FN:332,332,_ZN5CatchneIN9__gnu_cxx17__normal_iteratorIPjSt6vectorIjSaIjEEEEEENSt9enable_ifIXsrSt11conjunctionIJNS_6Detail16is_ne_comparableIRKS7_T_vEESt8negationINS_16capture_by_valueINSt9remove_cvINSt16remove_referenceISE_E4typeEE4typeEEEEEE5valueENS_10BinaryExprISD_RKSE_EEE4typeEONS_7ExprLhsISD_EEOSE_
FN:332,332,_ZN5CatchneINSt8__detail14_Node_iteratorISt4pairIK7vector3IiESt6vectorIjSaIjEEELb0ELb1EEEEENSt9enable_ifIXsrSt11conjunctionIJNS_6Detail16is_ne_comparableIRSB_T_vEESt8negationINS_16capture_by_valueINSt9remove_cvINSt16remove_referenceISH_E4typeEE4typeEEEEEE5valueENS_10BinaryExprISG_RKSH_EEE4typeEONS_7ExprLhsISG_EEOSH_
FN:381,381,_ZN5CatchltIfEENSt9enable_ifIXsrSt11conjunctionIJNS_6Detail16is_lt_comparableIfT_vEENS_16capture_by_valueIS5_EEEE5valueENS_10BinaryExprIfS5_EEE4typeEONS_7ExprLhsIfEES5_
FN:382,382,_ZN5CatchleIfEENSt9enable_ifIXsrSt11conjunctionIJNS_6Detail16is_le_comparableIfT_vEENS_16capture_by_valueIS5_EEEE5valueENS_10BinaryExprIfS5_EEE4typeEONS_7ExprLhsIfEES5_
FN:383,383,_ZN5CatchgtIfEENSt9enable_ifIXsrSt11conjunctionIJNS_6Detail16is_gt_comparableIfT_vEENS_16capture_by_valueIS5_EEEE5valueENS_10BinaryExprIfS5_EEE4typeEONS_7ExprLhsIfEES5_
FN:384,384,_ZN5CatchgeIfEENSt9enable_ifIXsrSt11conjunctionIJNS_6Detail16is_ge_comparableIfT_vEENS_16capture_by_valueIS5_EEEE5valueENS_10BinaryExprIfS5_EEE4typeEONS_7ExprLhsIfEES5_
FN:426,428,_ZNK5Catch7ExprLhsIbE13makeUnaryExprEv
FN:435,437,_ZN5CatchleIN9__gnu_cxx17__normal_iteratorIPjSt6vectorIjSaIjEEEELi0EEENS_7ExprLhsIRKT_EEONS_10DecomposerEOS9_
FN:435,437,_ZN5CatchleINSt8__detail14_Node_iteratorISt4pairIK7vector3IiESt6vectorIjSaIjEEELb0ELb1EEELi0EEENS_7ExprLhsIRKT_EEONS_10DecomposerEOSD_
FN:435,437,_ZN5CatchleIR7vector3IiELi0EEENS_7ExprLhsIRKT_EEONS_10DecomposerEOS5_
FN:435,437,_ZN5CatchleIRK7vector3IiELi0EEENS_7ExprLhsIRKT_EEONS_10DecomposerEOS6_
FN:435,437,_ZN5CatchleIRNSt8__detail14_Node_iteratorISt4pairIK7vector3IiESt6vectorIjSaIjEEELb0ELb1EEELi0EEENS_7ExprLhsIRKT_EEONS_10DecomposerEOSE_
FN:441,443,_ZN5CatchleIbLi0EEENS_7ExprLhsIT_EEONS_10DecomposerES2_
FN:441,443,_ZN5CatchleIfLi0EEENS_7ExprLhsIT_EEONS_10DecomposerES2_
FN:441,443,_ZN5CatchleIiLi0EEENS_7ExprLhsIT_EEONS_10DecomposerES2_
FN:441,443,_ZN5CatchleIjLi0EEENS_7ExprLhsIT_EEONS_10DecomposerES2_
FN:441,443,_ZN5CatchleImLi0EEENS_7ExprLhsIT_EEONS_10DecomposerES2_
FNDA:693,_ZN5Catch20ITransientExpressionC2Ebb
FNDA:0,_ZNK5Catch10BinaryExprIR7vector3IiERKS2_E29streamReconstructedExpressionERSo
FNDA:0,_ZNK5Catch10BinaryExprIRK7vector3IiES4_E29streamReconstructedExpressionERSo
FNDA:0,_ZNK5Catch10BinaryExprIRKN9__gnu_cxx17__normal_iteratorIPjSt6vectorIjSaIjEEEES9_E29streamReconstructedExpressionERSo
FNDA:0,_ZNK5Catch10BinaryExprIRKNSt8__detail14_Node_iteratorISt4pairIK7vector3IiESt6vectorIjSaIjEEELb0ELb1EEESD_E29streamReconstructedExpressionERSo
FNDA:0,_ZNK5Catch10BinaryExprIRNSt8__detail14_Node_iteratorISt4pairIK7vector3IiESt6vectorIjSaIjEEELb0ELb1EEERKSB_E29streamReconstructedExpressionERSo
FNDA:0,_ZNK5Catch10BinaryExprIfRKNS_6ApproxEE29streamReconstructedExpressionERSo
FNDA:0,_ZNK5Catch10BinaryExprIfRNS_6ApproxEE29streamReconstructedExpressionERSo
FNDA:0,_ZNK5Catch10BinaryExprIffE29streamReconstructedExpressionERSo
FNDA:0,_ZNK5Catch10BinaryExprIiiE29streamReconstructedExpressionERSo
FNDA:0,_ZNK5Catch10BinaryExprIjiE29streamReconstructedExpressionERSo
FNDA:0,_ZNK5Catch10BinaryExprIjjE29streamReconstructedExpressionERSo
FNDA:0,_ZNK5Catch10BinaryExprImiE29streamReconstructedExpressionERSo
FNDA:0,_ZNK5Catch10BinaryExprImmE29streamReconstructedExpressionERSo
FNDA:12,_ZN5Catch10BinaryExprIR7vector3IiERKS2_EC2EbS3_NS_9StringRefES5_
FNDA:2,_ZN5Catch10BinaryExprIRK7vector3IiES4_EC2EbS4_NS_9StringRefES4_
FNDA:4,_ZN5Catch10BinaryExprIRKN9__gnu_cxx17__normal_iteratorIPjSt6vectorIjSaIjEEEES9_EC2EbS9_NS_9StringRefES9_
FNDA:2,_ZN5Catch10BinaryExprIRKNSt8__detail14_Node_iteratorISt4pairIK7vector3IiESt6vectorIjSaIjEEELb0ELb1EEESD_EC2EbSD_NS_9StringRefESD_
FNDA:6,_ZN5Catch10BinaryExprIRNSt8__detail14_Node_iteratorISt4pairIK7vector3IiESt6vectorIjSaIjEEELb0ELb1EEERKSB_EC2EbSC_NS_9StringRefESE_
FNDA:182,_ZN5Catch10BinaryExprIfRKNS_6ApproxEEC2EbfNS_9StringRefES3_
FNDA:39,_ZN5Catch10BinaryExprIfRNS_6ApproxEEC2EbfNS_9StringRefES2_
FNDA:152,_ZN5Catch10BinaryExprIffEC2EbfNS_9StringRefEf
FNDA:56,_ZN5Catch10BinaryExprIiiEC2EbiNS_9StringRefEi
FNDA:8,_ZN5Catch10BinaryExprIjiEC2EbjNS_9StringRefEi
FNDA:2,_ZN5Catch10BinaryExprIjjEC2EbjNS_9StringRefEj
FNDA:24,_ZN5Catch10BinaryExprImiEC2EbmNS_9StringRefEi
FNDA:2,_ZN5Catch10BinaryExprImmEC2EbmNS_9StringRefEm
FNDA:0,_ZNK5Catch9UnaryExprIbE29streamReconstructedExpressionERSo
FNDA:12,_ZN5Catch9UnaryExprIbEC2Eb
FNDA:12,_ZN5Catch7ExprLhsIR7vector3IiEEC2ES3_
FNDA:2,_ZN5Catch7ExprLhsIRK7vector3IiEEC2ES4_
FNDA:4,_ZN5Catch7ExprLhsIRKN9__gnu_cxx17__normal_iteratorIPjSt6vectorIjSaIjEEEEEC2ES9_
FNDA:2,_ZN5Catch7ExprLhsIRKNSt8__detail14_Node_iteratorISt4pairIK7vector3IiESt6vectorIjSaIjEEELb0ELb1EEEEC2ESD_
FNDA:6,_ZN5Catch7ExprLhsIRNSt8__detail14_Node_iteratorISt4pairIK7vector3IiESt6vectorIjSaIjEEELb0ELb1EEEEC2ESC_
FNDA:12,_ZN5Catch7ExprLhsIbEC2Eb
FNDA:563,_ZN5Catch7ExprLhsIfEC2Ef
FNDA:56,_ZN5Catch7ExprLhsIiEC2Ei
FNDA:10,_ZN5Catch7ExprLhsIjEC2Ej
FNDA:26,_ZN5Catch7ExprLhsImEC2Em
FNDA:12,_ZN5CatcheqI7vector3IiEEENSt9enable_ifIXsrSt11conjunctionIJNS_6Detail16is_eq_comparableIRS2_T_vEESt8negationINS_16capture_by_valueINSt9remove_cvINSt16remove_referenceIS8_E4typeEE4typeEEEEEE5valueENS_10BinaryExprIS7_RKS8_EEE4typeEONS_7ExprLhsIS7_EEOS8_
FNDA:182,_ZN5CatcheqINS_6ApproxEEENSt9enable_ifIXsrSt11conjunctionIJNS_6Detail16is_eq_comparableIfT_vEESt8negationINS_16capture_by_valueINSt9remove_cvINSt16remove_referenceIS6_E4typeEE4typeEEEEEE5valueENS_10BinaryExprIfRKS6_EEE4typeEONS_7ExprLhsIfEEOS6_
FNDA:2,_ZN5CatcheqINSt8__detail14_Node_iteratorISt4pairIK7vector3IiESt6vectorIjSaIjEEELb0ELb1EEEEENSt9enable_ifIXsrSt11conjunctionIJNS_6Detail16is_eq_comparableIRKSB_T_vEESt8negationINS_16capture_by_valueINSt9remove_cvINSt16remove_referenceISI_E4typeEE4typeEEEEEE5valueENS_10BinaryExprISH_RKSI_EEE4typeEONS_7ExprLhsISH_EEOSI_
FNDA:2,_ZN5CatcheqIRK7vector3IiEEENSt9enable_ifIXsrSt11conjunctionIJNS_6Detail16is_eq_comparableIS4_T_vEESt8negationINS_16capture_by_valueINSt9remove_cvINSt16remove_referenceIS9_E4typeEE4typeEEEEEE5valueENS_10BinaryExprIS4_RKS9_EEE4typeEONS_7ExprLhsIS4_EEOS9_
FNDA:39,_ZN5CatcheqIRNS_6ApproxEEENSt9enable_ifIXsrSt11conjunctionIJNS_6Detail16is_eq_comparableIfT_vEESt8negationINS_16capture_by_valueINSt9remove_cvINSt16remove_referenceIS7_E4typeEE4typeEEEEEE5valueENS_10BinaryExprIfRKS7_EEE4typeEONS_7ExprLhsIfEEOS7_
FNDA:56,_ZN5CatcheqIiEENSt9enable_ifIXsrSt11conjunctionIJNS_6Detail16is_eq_comparableIiT_vEENS_16capture_by_valueIS5_EEEE5valueENS_10BinaryExprIiS5_EEE4typeEONS_7ExprLhsIiEES5_
FNDA:8,_ZN5CatcheqIiEENSt9enable_ifIXsrSt11conjunctionIJNS_6Detail16is_eq_comparableIjT_vEENS_16capture_by_valueIS5_EEEE5valueENS_10BinaryExprIjS5_EEE4typeEONS_7ExprLhsIjEES5_
FNDA:24,_ZN5CatcheqIiEENSt9enable_ifIXsrSt11conjunctionIJNS_6Detail16is_eq_comparableImT_vEENS_16capture_by_valueIS5_EEEE5valueENS_10BinaryExprImS5_EEE4typeEONS_7ExprLhsImEES5_
FNDA:2,_ZN5CatcheqIjEENSt9enable_ifIXsrSt11conjunctionIJNS_6Detail16is_eq_comparableIjT_vEENS_16capture_by_valueIS5_EEEE5valueENS_10BinaryExprIjS5_EEE4typeEONS_7ExprLhsIjEES5_
FNDA:2,_ZN5CatcheqImEENSt9enable_ifIXsrSt11conjunctionIJNS_6Detail16is_eq_comparableImT_vEENS_16capture_by_valueIS5_EEEE5valueENS_10BinaryExprImS5_EEE4typeEONS_7ExprLhsImEES5_
FNDA:4,_ZN5CatchneIN9__gnu_cxx17__normal_iteratorIPjSt6vectorIjSaIjEEEEEENSt9enable_ifIXsrSt11conjunctionIJNS_6Detail16is_ne_comparableIRKS7_T_vEESt8negationINS_16capture_by_valueINSt9remove_cvINSt16remove_referenceISE_E4typeEE4typeEEEEEE5valueENS_10BinaryExprISD_RKSE_EEE4typeEONS_7ExprLhsISD_EEOSE_
FNDA:6,_ZN5CatchneINSt8__detail14_Node_iteratorISt4pairIK7vector3IiESt6vectorIjSaIjEEELb0ELb1EEEEENSt9enable_ifIXsrSt11conjunctionIJNS_6Detail16is_ne_comparableIRSB_T_vEESt8negationINS_16capture_by_valueINSt9remove_cvINSt16remove_referenceISH_E4typeEE4typeEEEEEE5valueENS_10BinaryExprISG_RKSH_EEE4typeEONS_7ExprLhsISG_EEOSH_
FNDA:2,_ZN5CatchltIfEENSt9enable_ifIXsrSt11conjunctionIJNS_6Detail16is_lt_comparableIfT_vEENS_16capture_by_valueIS5_EEEE5valueENS_10BinaryExprIfS5_EEE4typeEONS_7ExprLhsIfEES5_
FNDA:63,_ZN5CatchleIfEENSt9enable_ifIXsrSt11conjunctionIJNS_6Detail16is_le_comparableIfT_vEENS_16capture_by_valueIS5_EEEE5valueENS_10BinaryExprIfS5_EEE4typeEONS_7ExprLhsIfEES5_
FNDA:4,_ZN5CatchgtIfEENSt9enable_ifIXsrSt11conjunctionIJNS_6Detail16is_gt_comparableIfT_vEENS_16capture_by_valueIS5_EEEE5valueENS_10BinaryExprIfS5_EEE4typeEONS_7ExprLhsIfEES5_
FNDA:83,_ZN5CatchgeIfEENSt9enable_ifIXsrSt11conjunctionIJNS_6Detail16is_ge_comparableIfT_vEENS_16capture_by_valueIS5_EEEE5valueENS_10BinaryExprIfS5_EEE4typeEONS_7ExprLhsIfEES5_
FNDA:12,_ZNK5Catch7ExprLhsIbE13makeUnaryExprEv
FNDA:4,_ZN5CatchleIN9__gnu_cxx17__normal_iteratorIPjSt6vectorIjSaIjEEEELi0EEENS_7ExprLhsIRKT_EEONS_10DecomposerEOS9_
FNDA:2,_ZN5CatchleINSt8__detail14_Node_iteratorISt4pairIK7vector3IiESt6vectorIjSaIjEEELb0ELb1EEELi0EEENS_7ExprLhsIRKT_EEONS_10DecomposerEOSD_
FNDA:12,_ZN5CatchleIR7vector3IiELi0EEENS_7ExprLhsIRKT_EEONS_10DecomposerEOS5_
FNDA:2,_ZN5CatchleIRK7vector3IiELi0EEENS_7ExprLhsIRKT_EEONS_10DecomposerEOS6_
FNDA:6,_ZN5CatchleIRNSt8__detail14_Node_iteratorISt4pairIK7vector3IiESt6vectorIjSaIjEEELb0ELb1EEELi0EEENS_7ExprLhsIRKT_EEONS_10DecomposerEOSE_
FNDA:12,_ZN5CatchleIbLi0EEENS_7ExprLhsIT_EEONS_10DecomposerES2_
FNDA:563,_ZN5CatchleIfLi0EEENS_7ExprLhsIT_EEONS_10DecomposerES2_
FNDA:56,_ZN5CatchleIiLi0EEENS_7ExprLhsIT_EEONS_10DecomposerES2_
FNDA:10,_ZN5CatchleIjLi0EEENS_7ExprLhsIT_EEONS_10DecomposerES2_
FNDA:26,_ZN5CatchleImLi0EEENS_7ExprLhsIT_EEONS_10DecomposerES2_
FNF:66
FNH:52
DA:169,693
DA:170,693
DA:171,693
DA:172,693
DA:191,0
DA:193,0
DA:194,0
DA:197,491
DA:199,491
DA:200,491
DA:201,491
DA:202,491
DA:265,0
DA:266,0
DA:267,0
DA:270,12
DA:272,12
DA:273,12
DA:281,693
DA:331,343
DA:332,10
DA:381,2
DA:382,63
DA:383,4
DA:384,83
DA:426,12
DA:427,12
DA:435,26
DA:436,26
DA:441,667
DA:442,667
LF:31
LH:25
end_of_record
TN:
SF:/home/runner/work/flockstorm/flockstorm/build/_deps/catch2-src/src/catch2/internal/catch_reusable_string_stream.hpp
FN:45,48,_ZN5Catch20ReusableStringStreamlsI7vector3IiEEERS0_RKT_
FNDA:0,_ZN5Catch20ReusableStringStreamlsI7vector3IiEEERS0_RKT_
FNF:1
FNH:0
DA:45,0
DA:46,0
DA:47,0
LF:3
LH:0
end_of_record
TN:
SF:/home/runner/work/flockstorm/flockstorm/build/_deps/catch2-src/src/catch2/internal/catch_source_line_info.hpp
FN:19,22,_ZN5Catch14SourceLineInfoC2EPKcm
FNDA:4803,_ZN5Catch14SourceLineInfoC2EPKcm
FNF:1
FNH:1
DA:19,4803
DA:20,4803
DA:21,4803
DA:22,4803
LF:4
LH:4
end_of_record
TN:
SF:/home/runner/work/flockstorm/flockstorm/build/_deps/catch2-src/src/catch2/internal/catch_stringref.hpp
FN:114,116,_ZN5Catchli3_srEPKcm
FN:119,121,_Zli9_catch_srPKcm
FN:37,37,_ZN5Catch9StringRefC2Ev
FN:41,44,_ZN5Catch9StringRefC2EPKcm
FN:51,53,_ZNK5Catch9StringRefcvNSt7__cxx1112basic_stringIcSt11char_traitsIcESaIcEEEEv
FNDA:61667,_ZN5Catchli3_srEPKcm
FNDA:1398,_Zli9_catch_srPKcm
FNDA:9391,_ZN5Catch9StringRefC2Ev
FNDA:99813,_ZN5Catch9StringRefC2EPKcm
FNDA:4074,_ZNK5Catch9StringRefcvNSt7__cxx1112basic_stringIcSt11char_traitsIcESaIcEEEEv
FNF:5
FNH:5
DA:37,9391
DA:41,99813
DA:42,99813
DA:43,99813
DA:44,99813
DA:51,4074
DA:52,8148
DA:114,61667
DA:115,61667
DA:119,1398
DA:120,1398
LF:11
LH:11
end_of_record
TN:
SF:/home/runner/work/flockstorm/flockstorm/build/_deps/catch2-src/src/catch2/internal/catch_test_registry.hpp
FN:80,82,_ZN5Catch11NameAndTagsC2ENS_9StringRefES1_
FNDA:3612,_ZN5Catch11NameAndTagsC2ENS_9StringRefES1_
FNF:1
FNH:1
DA:80,3612
DA:81,3612
DA:82,3612
LF:3
LH:3
end_of_record
TN:
SF:/home/runner/work/flockstorm/flockstorm/build/_deps/catch2-src/src/catch2/internal/catch_unique_ptr.hpp
FN:59,61,_ZN5Catch6Detail10unique_ptrINS_12ITestInvokerEED2Ev
FNDA:16254,_ZN5Catch6Detail10unique_ptrINS_12ITestInvokerEED2Ev
FNF:1
FNH:1
DA:59,16254
DA:60,16254
DA:61,16254
LF:3
LH:3
end_of_record
TN:
SF:/home/runner/work/flockstorm/flockstorm/build/_deps/vectorstorm-src/vectorstorm/aabb/aabb3.h
FNF:0
FNH:0
DA:87,12
DA:88,12
DA:89,12
DA:90,12
LF:4
LH:4
end_of_record
TN:
SF:/home/runner/work/flockstorm/flockstorm/build/_deps/vectorstorm-src/vectorstorm/floor_fast.h
FNF:0
FNH:0
DA:11,2324
DA:12,3486
LF:2
LH:2
end_of_record
TN:
SF:/home/runner/work/flockstorm/flockstorm/build/_deps/vectorstorm-src/vectorstorm/sqrt_fast.h
FNF:0
FNH:0
DA:175,132
LF:1
LH:1
end_of_record
TN:
SF:/home/runner/work/flockstorm/flockstorm/build/_deps/vectorstorm-src/vectorstorm/vector/vector3.h
FN:1183,1189,_ZNKSt4hashI7vector3IiEEclERKS1_
FNDA:6802,_ZNKSt4hashI7vector3IiEEclERKS1_
FNF:1
FNH:1
DA:107,1526
DA:108,1526
DA:109,1526
DA:110,1526
DA:111,1526
DA:119,14653
DA:120,14653
DA:121,14653
DA:122,14653
DA:123,7335
DA:136,162
DA:137,162
DA:138,162
DA:139,162
DA:140,162
DA:234,584
DA:235,584
DA:236,584
DA:237,583
DA:353,6048
DA:362,600
DA:397,416
DA:398,416
DA:399,416
DA:400,416
DA:581,218
DA:590,6
DA:599,318
DA:608,128
DA:647,78
DA:648,78
DA:649,78
DA:650,78
DA:658,54
DA:659,54
DA:660,54
DA:661,52
DA:702,1715
DA:703,1715
DA:704,1715
DA:716,238
DA:850,1000
DA:859,264
DA:893,102
DA:894,102
DA:895,102
DA:903,2
DA:904,2
DA:915,256
DA:938,100
DA:939,2
DA:941,98
DA:1103,0
DA:1104,0
DA:1183,6802
DA:1184,6802
DA:1185,6802
DA:1186,6802
DA:1187,6802
DA:1188,6802
LF:60
LH:58
end_of_record
TN:
SF:/home/runner/work/flockstorm/flockstorm/flockstorm/grid/base.cpp
FN:11,14,_ZNK10flockstorm4grid4base8get_cellERK7vector3IfE
FN:6,9,_ZN10flockstorm4grid4base5clearEv
FNDA:1140,_ZNK10flockstorm4grid4base8get_cellERK7vector3IfE
FNDA:150,_ZN10flockstorm4grid4base5clearEv
FNF:2
FNH:2
DA:6,150
DA:8,150
DA:9,150
DA:11,1140
DA:13,1140
LF:5
LH:5
end_of_record
TN:
SF:/home/runner/work/flockstorm/flockstorm/flockstorm/grid/base.h
FNF:0
FNH:0
LF:0
LH:0
end_of_record
TN:
SF:/home/runner/work/flockstorm/flockstorm/flockstorm/grid/boid.cpp
FN:11,14,_ZN10flockstorm4grid4boidC2Ej
FN:16,50,_ZN10flockstorm4grid4boid6updateEjRK7vector3IfE
FNDA:194,_ZN10flockstorm4grid4boidC2Ej
FNDA:238,_ZN10flockstorm4grid4boid6updateEjRK7vector3IfE
FNF:2
FNH:2
DA:11,194
DA:12,388
DA:14,194
DA:16,238
DA:18,238
DA:19,476
DA:21,11
DA:23,11
DA:24,0
DA:27,11
DA:28,11
DA:30,6
DA:33,5
DA:35,5
DA:36,0
DA:39,5
DA:40,5
DA:47,11
DA:48,11
DA:50,238
LF:20
LH:18
end_of_record
TN:
SF:/home/runner/work/flockstorm/flockstorm/flockstorm/grid/boid.h
FNF:0
FNH:0
LF:0
LH:0
end_of_record
TN:
SF:/home/runner/work/flockstorm/flockstorm/flockstorm/grid/get_cell.cpp
FN:7,14,_ZN10flockstorm4grid8get_cellERK7vector3IfEf
FNDA:1162,_ZN10flockstorm4grid8get_cellERK7vector3IfEf
FNF:1
FNH:1
DA:7,1162
DA:10,1162
DA:11,1162
DA:12,1162
DA:13,4648
LF:5
LH:5
end_of_record
TN:
SF:/home/runner/work/flockstorm/flockstorm/flockstorm/manager.cpp
FN:102,108,_ZNK10flockstorm7manager16get_accelerationEj
FN:110,116,_ZN10flockstorm7manager12set_positionEjRK7vector3IfE
FN:117,123,_ZN10flockstorm7manager12set_velocityEjRK7vector3IfE
FN:124,130,_ZN10flockstorm7manager16set_accelerationEjRK7vector3IfE
FN:132,149,_ZN10flockstorm7manager27update_grid_neighbour_boidsERK7vector3IiERKNS_4grid4boidE
FN:15,18,_ZN10flockstorm7managerD2Ev
FN:151,214,_ZN10flockstorm7manager14populate_gridsEv
FN:20,52,_ZN10flockstorm7manager29update_precomputed_quantitiesEv
FN:216,238,_ZN10flockstorm7manager22dump_grid_memory_usageEv
FN:240,244,_ZN10flockstorm7manager6updateEv
FN:246,394,_ZN10flockstorm7manager14update_partialEjj
FN:396,424,_ZN10flockstorm7manager23update_partial_finaliseEv
FN:54,58,_ZN10flockstorm7manager19add_obstacle_sphereERK7vector3IfEf
FN:60,75,_ZN10flockstorm7manager25distribute_boids_randomlyERK5aabb3IfEm
FN:76,86,_ZN10flockstorm7manager26set_goal_position_randomlyERK5aabb3IfEm
FN:8,13,_ZN10flockstorm7managerC2Ej
FN:88,94,_ZNK10flockstorm7manager12get_positionEj
FN:95,101,_ZNK10flockstorm7manager12get_velocityEj
FNDA:2,_ZNK10flockstorm7manager16get_accelerationEj
FNDA:24,_ZN10flockstorm7manager12set_positionEjRK7vector3IfE
FNDA:18,_ZN10flockstorm7manager12set_velocityEjRK7vector3IfE
FNDA:2,_ZN10flockstorm7manager16set_accelerationEjRK7vector3IfE
FNDA:224,_ZN10flockstorm7manager27update_grid_neighbour_boidsERK7vector3IiERKNS_4grid4boidE
FNDA:60,_ZN10flockstorm7managerD2Ev
FNDA:36,_ZN10flockstorm7manager14populate_gridsEv
FNDA:64,_ZN10flockstorm7manager29update_precomputed_quantitiesEv
FNDA:36,_ZN10flockstorm7manager22dump_grid_memory_usageEv
FNDA:52,_ZN10flockstorm7manager6updateEv
FNDA:56,_ZN10flockstorm7manager14update_partialEjj
FNDA:54,_ZN10flockstorm7manager23update_partial_finaliseEv
FNDA:20,_ZN10flockstorm7manager19add_obstacle_sphereERK7vector3IfEf
FNDA:20,_ZN10flockstorm7manager25distribute_boids_randomlyERK5aabb3IfEm
FNDA:2,_ZN10flockstorm7manager26set_goal_position_randomlyERK5aabb3IfEm
FNDA:60,_ZN10flockstorm7managerC2Ej
FNDA:164,_ZNK10flockstorm7manager12get_positionEj
FNDA:47,_ZNK10flockstorm7manager12get_velocityEj
FNF:18
FNH:18
DA:8,60
DA:9,540
DA:11,60
DA:12,60
DA:13,60
DA:15,60
DA:17,60
DA:18,60
DA:20,64
DA:25,64
DA:26,64
DA:27,64
DA:28,64
DA:29,64
DA:30,64
DA:31,64
DA:32,64
DA:36,66
DA:37,2
DA:52,64
DA:54,20
DA:56,20
DA:57,20
DA:60,20
DA:65,20
DA:66,20
DA:67,20
DA:68,20
DA:69,186
DA:70,166
DA:71,166
DA:72,166
DA:74,20
DA:75,20
DA:76,2
DA:81,2
DA:82,2
DA:83,2
DA:84,2
DA:85,2
DA:86,2
DA:88,164
DA:92,164
DA:95,47
DA:99,47
DA:102,2
DA:106,2
DA:110,24
DA:114,24
DA:116,24
DA:117,18
DA:121,18
DA:123,18
DA:124,2
DA:128,2
DA:130,2
DA:132,224
DA:134,224
DA:137,896
DA:138,2688
DA:139,8064
DA:140,12096
DA:141,6048
DA:142,5576
DA:144,472
DA:145,472
DA:149,224
DA:151,36
DA:157,36
DA:158,36
DA:159,36
DA:160,36
DA:163,42
DA:164,6
DA:165,6
DA:166,6
DA:167,12
DA:168,6
DA:169,6
DA:170,6
DA:171,6
DA:172,6
DA:176,24
DA:177,72
DA:178,216
DA:179,324
DA:180,324
DA:181,162
DA:182,120
DA:193,228
DA:195,192
DA:196,192
DA:197,192
DA:200,192
DA:201,192
DA:202,192
DA:205,192
DA:206,192
DA:207,192
DA:212,36
DA:214,36
DA:216,36
DA:218,36
DA:219,36
DA:220,36
DA:221,36
DA:222,214
DA:223,178
DA:225,156
DA:226,120
DA:228,184
DA:229,148
DA:231,176
DA:232,140
DA:234,36
DA:235,36
DA:236,36
DA:237,36
DA:238,36
DA:240,52
DA:242,52
DA:243,52
DA:244,52
DA:246,56
DA:249,132
DA:251,76
DA:253,76
DA:259,76
DA:260,2
DA:261,0
DA:265,76
DA:266,76
DA:267,76
DA:268,4
DA:269,2
DA:270,4
DA:271,2
DA:272,4
DA:273,2
DA:274,2
DA:275,10
DA:280,76
DA:285,0
DA:286,0
DA:291,76
DA:293,76
DA:294,212
DA:295,136
DA:296,76
DA:298,120
DA:299,60
DA:300,28
DA:301,140
DA:305,76
DA:310,2
DA:311,2
DA:316,74
DA:317,74
DA:318,74
DA:320,74
DA:321,270
DA:322,196
DA:323,74
DA:325,244
DA:326,122
DA:327,50
DA:328,100
DA:329,50
DA:332,74
DA:333,26
DA:334,78
DA:337,74
DA:342,0
DA:343,0
DA:348,74
DA:349,74
DA:350,74
DA:352,74
DA:353,270
DA:354,196
DA:355,74
DA:357,244
DA:358,122
DA:359,58
DA:360,58
DA:363,74
DA:364,26
DA:365,26
DA:366,52
DA:367,78
DA:370,74
DA:375,0
DA:376,0
DA:381,74
DA:382,296
DA:385,74
DA:390,0
DA:391,0
DA:394,56
DA:396,54
DA:399,130
DA:400,76
DA:401,76
DA:402,76
DA:408,76
DA:418,130
DA:419,76
DA:420,76
DA:421,76
DA:422,76
DA:424,54
LF:211
LH:202
end_of_record
TN:
SF:/home/runner/work/flockstorm/flockstorm/flockstorm/manager.h
FN:31,33,_ZN10flockstorm7managerUt_5clearEv
FNDA:1,_ZN10flockstorm7managerUt_5clearEv
FNF:1
FNH:1
DA:31,1
DA:32,1
DA:33,1
LF:3
LH:3
end_of_record
TN:
SF:/home/runner/work/flockstorm/flockstorm/flockstorm/obstacle/sphere.cpp
FN:18,21,_ZN10flockstorm8obstacle6sphere6updateEf
FN:8,16,_ZN10flockstorm8obstacle6sphereC2ERK7vector3IfEff
FNDA:46,_ZN10flockstorm8obstacle6sphere6updateEf
FNDA:38,_ZN10flockstorm8obstacle6sphereC2ERK7vector3IfEff
FNF:2
FNH:2
DA:8,38
DA:9,38
DA:10,38
DA:12,38
DA:16,38
DA:18,46
DA:19,46
DA:20,46
DA:21,46
LF:9
LH:9
end_of_record
TN:
SF:/home/runner/work/flockstorm/flockstorm/tests/test_get_cell.cpp
FN:5,64,_ZL22CATCH2_INTERNAL_TEST_0v
FNDA:16,_ZL22CATCH2_INTERNAL_TEST_0v
FNF:1
FNH:1
DA:5,16
DA:6,16
DA:7,2
DA:8,2
DA:9,2
DA:10,2
DA:11,16
DA:13,16
DA:14,2
DA:15,2
DA:16,2
DA:17,2
DA:18,16
DA:20,16
DA:22,2
DA:23,2
DA:24,2
DA:25,2
DA:26,16
DA:28,16
DA:30,2
DA:31,2
DA:32,2
DA:33,2
DA:34,16
DA:36,16
DA:37,2
DA:38,2
DA:39,2
DA:40,2
DA:41,16
DA:43,16
DA:44,2
DA:45,2
DA:46,2
DA:47,16
DA:49,16
DA:50,2
DA:51,2
DA:52,2
DA:53,2
DA:54,16
DA:56,16
DA:58,2
DA:59,2
DA:61,2
DA:62,2
DA:63,16
DA:64,16
LF:49
LH:49
end_of_record
TN:
SF:/home/runner/work/flockstorm/flockstorm/tests/test_grid_base.cpp
FN:14,19,_ZL22CATCH2_INTERNAL_TEST_2v
FN:21,24,_ZL22CATCH2_INTERNAL_TEST_4v
FN:26,43,_ZL22CATCH2_INTERNAL_TEST_6v
FN:45,53,_ZL23CATCH2_INTERNAL_TEST_10v
FN:5,12,_ZL22CATCH2_INTERNAL_TEST_0v
FN:55,65,_ZL23CATCH2_INTERNAL_TEST_12v
FNDA:2,_ZL22CATCH2_INTERNAL_TEST_2v
FNDA:2,_ZL22CATCH2_INTERNAL_TEST_4v
FNDA:4,_ZL22CATCH2_INTERNAL_TEST_6v
FNDA:2,_ZL23CATCH2_INTERNAL_TEST_10v
FNDA:2,_ZL22CATCH2_INTERNAL_TEST_0v
FNDA:2,_ZL23CATCH2_INTERNAL_TEST_12v
FNF:6
FNH:6
DA:5,2
DA:6,2
DA:7,2
DA:8,2
DA:9,2
DA:10,2
DA:11,2
DA:12,2
DA:14,2
DA:15,2
DA:16,2
DA:17,2
DA:18,2
DA:19,2
DA:21,2
DA:22,2
DA:23,2
DA:24,2
DA:26,4
DA:27,4
DA:28,4
DA:30,4
DA:31,2
DA:32,2
DA:33,2
DA:34,2
DA:35,4
DA:37,4
DA:38,2
DA:39,2
DA:40,2
DA:41,2
DA:42,4
DA:43,4
DA:45,2
DA:46,2
DA:47,2
DA:48,2
DA:50,2
DA:51,2
DA:52,2
DA:53,2
DA:55,2
DA:56,2
DA:57,2
DA:58,2
DA:59,2
DA:61,2
DA:62,2
DA:63,2
DA:64,2
DA:65,2
LF:52
LH:52
end_of_record
TN:
SF:/home/runner/work/flockstorm/flockstorm/tests/test_grid_boid.cpp
FN:12,27,_ZL22CATCH2_INTERNAL_TEST_0v
FN:29,45,_ZL22CATCH2_INTERNAL_TEST_5v
FN:47,67,_ZL22CATCH2_INTERNAL_TEST_7v
FN:6,10,_ZL20populate_single_boidRN10flockstorm4grid4boidEjRK7vector3IfE
FN:69,93,_ZL22CATCH2_INTERNAL_TEST_9v
FN:95,112,_ZL23CATCH2_INTERNAL_TEST_11v
FNDA:6,_ZL22CATCH2_INTERNAL_TEST_0v
FNDA:2,_ZL22CATCH2_INTERNAL_TEST_5v
FNDA:2,_ZL22CATCH2_INTERNAL_TEST_7v
FNDA:8,_ZL20populate_single_boidRN10flockstorm4grid4boidEjRK7vector3IfE
FNDA:2,_ZL22CATCH2_INTERNAL_TEST_9v
FNDA:2,_ZL23CATCH2_INTERNAL_TEST_11v
FNF:6
FNH:6
DA:6,8
DA:7,8
DA:8,8
DA:9,8
DA:10,8
DA:12,6
DA:13,6
DA:14,2
DA:15,2
DA:16,8
DA:18,6
DA:19,2
DA:20,2
DA:21,8
DA:23,6
DA:24,2
DA:25,2
DA:26,8
DA:27,6
DA:29,2
DA:30,2
DA:31,2
DA:33,2
DA:34,2
DA:35,2
DA:36,2
DA:38,2
DA:41,2
DA:43,2
DA:44,2
DA:45,2
DA:47,2
DA:48,2
DA:49,2
DA:51,2
DA:52,2
DA:54,2
DA:55,2
DA:58,2
DA:61,4
DA:64,2
DA:65,2
DA:66,2
DA:67,2
DA:69,2
DA:70,2
DA:71,2
DA:74,2
DA:75,2
DA:76,2
DA:77,2
DA:80,2
DA:83,2
DA:84,2
DA:85,2
DA:86,2
DA:89,2
DA:90,2
DA:91,2
DA:92,2
DA:93,2
DA:95,2
DA:96,2
DA:97,2
DA:99,2
DA:100,2
DA:103,2
DA:104,2
DA:107,2
DA:108,2
DA:111,2
DA:112,2
LF:72
LH:72
end_of_record
TN:
SF:/home/runner/work/flockstorm/flockstorm/tests/test_manager.cpp
FN:101,107,_ZL23CATCH2_INTERNAL_TEST_20v
FN:111,126,_ZL23CATCH2_INTERNAL_TEST_22v
FN:128,142,_ZL23CATCH2_INTERNAL_TEST_24v
FN:13,24,_ZL22CATCH2_INTERNAL_TEST_2v
FN:144,160,_ZL23CATCH2_INTERNAL_TEST_26v
FN:162,181,_ZL23CATCH2_INTERNAL_TEST_28v
FN:185,195,_ZL23CATCH2_INTERNAL_TEST_30v
FN:199,207,_ZL23CATCH2_INTERNAL_TEST_32v
FN:209,219,_ZL23CATCH2_INTERNAL_TEST_34v
FN:223,243,_ZL23CATCH2_INTERNAL_TEST_36v
FN:245,262,_ZL23CATCH2_INTERNAL_TEST_38v
FN:26,29,_ZL22CATCH2_INTERNAL_TEST_4v
FN:266,280,_ZL23CATCH2_INTERNAL_TEST_40v
FN:284,305,_ZL23CATCH2_INTERNAL_TEST_42v
FN:309,344,_ZL23CATCH2_INTERNAL_TEST_44v
FN:33,41,_ZL22CATCH2_INTERNAL_TEST_6v
FN:348,353,_ZL23CATCH2_INTERNAL_TEST_46v
FN:355,361,_ZL23CATCH2_INTERNAL_TEST_48v
FN:365,391,_ZL23CATCH2_INTERNAL_TEST_50v
FN:43,51,_ZL22CATCH2_INTERNAL_TEST_8v
FN:53,61,_ZL23CATCH2_INTERNAL_TEST_10v
FN:63,72,_ZL23CATCH2_INTERNAL_TEST_12v
FN:76,81,_ZL23CATCH2_INTERNAL_TEST_14v
FN:8,11,_ZL22CATCH2_INTERNAL_TEST_0v
FN:83,89,_ZL23CATCH2_INTERNAL_TEST_16v
FN:91,99,_ZL23CATCH2_INTERNAL_TEST_18v
FNDA:1,_ZL23CATCH2_INTERNAL_TEST_20v
FNDA:1,_ZL23CATCH2_INTERNAL_TEST_22v
FNDA:1,_ZL23CATCH2_INTERNAL_TEST_24v
FNDA:1,_ZL22CATCH2_INTERNAL_TEST_2v
FNDA:1,_ZL23CATCH2_INTERNAL_TEST_26v
FNDA:1,_ZL23CATCH2_INTERNAL_TEST_28v
FNDA:1,_ZL23CATCH2_INTERNAL_TEST_30v
FNDA:1,_ZL23CATCH2_INTERNAL_TEST_32v
FNDA:1,_ZL23CATCH2_INTERNAL_TEST_34v
FNDA:1,_ZL23CATCH2_INTERNAL_TEST_36v
FNDA:1,_ZL23CATCH2_INTERNAL_TEST_38v
FNDA:1,_ZL22CATCH2_INTERNAL_TEST_4v
FNDA:1,_ZL23CATCH2_INTERNAL_TEST_40v
FNDA:1,_ZL23CATCH2_INTERNAL_TEST_42v
FNDA:1,_ZL23CATCH2_INTERNAL_TEST_44v
FNDA:1,_ZL22CATCH2_INTERNAL_TEST_6v
FNDA:1,_ZL23CATCH2_INTERNAL_TEST_46v
FNDA:1,_ZL23CATCH2_INTERNAL_TEST_48v
FNDA:1,_ZL23CATCH2_INTERNAL_TEST_50v
FNDA:1,_ZL22CATCH2_INTERNAL_TEST_8v
FNDA:1,_ZL23CATCH2_INTERNAL_TEST_10v
FNDA:1,_ZL23CATCH2_INTERNAL_TEST_12v
FNDA:1,_ZL23CATCH2_INTERNAL_TEST_14v
FNDA:1,_ZL22CATCH2_INTERNAL_TEST_0v
FNDA:1,_ZL23CATCH2_INTERNAL_TEST_16v
FNDA:1,_ZL23CATCH2_INTERNAL_TEST_18v
FNF:26
FNH:26
DA:8,1
DA:9,1
DA:10,1
DA:11,1
DA:13,1
DA:14,1
DA:15,1
DA:16,1
DA:17,1
DA:18,1
DA:19,1
DA:20,1
DA:21,1
DA:22,1
DA:23,1
DA:24,1
DA:26,1
DA:27,1
DA:28,1
DA:29,1
DA:33,1
DA:34,1
DA:35,1
DA:36,1
DA:37,1
DA:38,1
DA:39,1
DA:40,1
DA:41,1
DA:43,1
DA:44,1
DA:45,1
DA:46,1
DA:47,1
DA:48,1
DA:49,1
DA:50,1
DA:51,1
DA:53,1
DA:54,1
DA:55,1
DA:56,1
DA:57,1
DA:58,1
DA:59,1
DA:60,1
DA:61,1
DA:63,1
DA:64,1
DA:65,1
DA:66,5
DA:67,4
DA:69,5
DA:70,4
DA:72,1
DA:76,1
DA:77,1
DA:78,1
DA:79,1
DA:80,1
DA:81,1
DA:83,1
DA:84,1
DA:85,1
DA:86,1
DA:87,1
DA:88,1
DA:89,1
DA:91,1
DA:92,1
DA:93,1
DA:94,1
DA:95,1
DA:96,1
DA:97,1
DA:98,1
DA:99,1
DA:101,1
DA:102,1
DA:103,1
DA:104,1
DA:105,1
DA:106,1
DA:107,1
DA:111,1
DA:112,1
DA:113,1
DA:114,1
DA:115,1
DA:117,21
DA:118,20
DA:119,20
DA:120,20
DA:121,20
DA:122,20
DA:123,20
DA:124,20
DA:126,1
DA:128,1
DA:129,1
DA:130,1
DA:132,1
DA:133,1
DA:134,1
DA:136,6
DA:137,5
DA:138,5
DA:139,5
DA:140,5
DA:142,1
DA:144,1
DA:145,1
DA:146,1
DA:148,1
DA:149,1
DA:150,1
DA:151,1
DA:153,11
DA:154,10
DA:155,10
DA:156,10
DA:157,10
DA:158,10
DA:160,1
DA:162,1
DA:163,1
DA:164,1
DA:166,1
DA:167,1
DA:168,1
DA:169,1
DA:171,1
DA:172,1
DA:173,1
DA:174,1
DA:175,1
DA:176,1
DA:177,1
DA:180,1
DA:181,1
DA:185,1
DA:186,1
DA:187,1
DA:188,1
DA:189,1
DA:190,1
DA:191,1
DA:192,1
DA:193,1
DA:194,1
DA:195,1
DA:199,1
DA:200,1
DA:201,1
DA:202,1
DA:203,1
DA:204,1
DA:206,1
DA:207,1
DA:209,1
DA:210,1
DA:211,1
DA:214,1
DA:215,1
DA:218,1
DA:219,1
DA:223,1
DA:224,1
DA:225,1
DA:226,1
DA:227,1
DA:231,1
DA:233,1
DA:234,1
DA:237,1
DA:238,1
DA:241,1
DA:242,1
DA:243,1
DA:245,1
DA:246,1
DA:247,1
DA:248,1
DA:249,1
DA:253,1
DA:254,21
DA:255,20
DA:256,20
DA:257,20
DA:258,20
DA:261,1
DA:262,1
DA:266,1
DA:267,1
DA:269,1
DA:270,1
DA:271,1
DA:274,1
DA:278,1
DA:279,1
DA:280,1
DA:284,1
DA:285,1
DA:290,1
DA:291,1
DA:292,1
DA:293,1
DA:294,1
DA:299,1
DA:302,1
DA:304,1
DA:305,1
DA:309,1
DA:310,1
DA:311,1
DA:313,1
DA:314,1
DA:316,1
DA:317,1
DA:323,1
DA:326,1
DA:327,1
DA:328,1
DA:331,7
DA:332,6
DA:333,6
DA:334,6
DA:335,6
DA:336,6
DA:338,6
DA:339,6
DA:340,6
DA:341,6
DA:342,6
DA:344,1
DA:348,1
DA:349,1
DA:350,1
DA:351,1
DA:352,1
DA:353,1
DA:355,1
DA:356,1
DA:357,1
DA:358,1
DA:359,1
DA:360,1
DA:361,1
DA:365,1
DA:366,1
DA:369,1
DA:370,1
DA:372,1
DA:373,1
DA:377,1
DA:382,1
DA:383,1
DA:384,1
DA:385,1
DA:387,1
DA:390,1
DA:391,1
LF:262
LH:262
end_of_record
TN:
SF:/home/runner/work/flockstorm/flockstorm/tests/test_obstacle_sphere.cpp
FN:15,39,_ZL22CATCH2_INTERNAL_TEST_2v
FN:41,62,_ZL22CATCH2_INTERNAL_TEST_8v
FN:5,13,_ZL22CATCH2_INTERNAL_TEST_0v
FN:64,70,_ZL23CATCH2_INTERNAL_TEST_13v
FNDA:8,_ZL22CATCH2_INTERNAL_TEST_2v
FNDA:6,_ZL22CATCH2_INTERNAL_TEST_8v
FNDA:2,_ZL22CATCH2_INTERNAL_TEST_0v
FNDA:2,_ZL23CATCH2_INTERNAL_TEST_13v
FNF:4
FNH:4
DA:5,2
DA:6,2
DA:7,2
DA:9,2
DA:10,2
DA:11,2
DA:12,2
DA:13,2
DA:15,8
DA:16,8
DA:18,2
DA:19,2
DA:20,8
DA:22,8
DA:24,2
DA:25,2
DA:26,8
DA:28,8
DA:30,2
DA:31,2
DA:32,8
DA:34,8
DA:36,2
DA:37,2
DA:38,8
DA:39,8
DA:41,6
DA:42,6
DA:44,6
DA:46,6
DA:48,2
DA:49,2
DA:50,6
DA:52,6
DA:53,2
DA:54,2
DA:55,6
DA:57,6
DA:58,2
DA:59,2
DA:60,2
DA:61,6
DA:62,6
DA:64,2
DA:65,2
DA:66,2
DA:67,2
DA:68,2
DA:69,2
DA:70,2
LF:50
LH:50
end_of_record
TN:
SF:/usr/include/boost/container_hash/detail/hash_mix.hpp
FN:105,108,_ZN5boost11hash_detail8hash_mixEm
FN:69,80,_ZN5boost11hash_detail13hash_mix_implILm64EE2fnEm
FNDA:20406,_ZN5boost11hash_detail8hash_mixEm
FNDA:20406,_ZN5boost11hash_detail13hash_mix_implILm64EE2fnEm
FNF:2
FNH:2
DA:69,20406
DA:71,20406
DA:73,20406
DA:74,20406
DA:75,20406
DA:76,20406
DA:77,20406
DA:79,20406
DA:105,20406
DA:107,20406
LF:10
LH:10
end_of_record
TN:
SF:/usr/include/boost/container_hash/hash.hpp
FN:160,163,_ZN5boost10hash_valueIiEENS_10enable_if_IXsrNS_11is_integralIT_EE5valueEmE4typeES3_
FN:561,564,_ZN5boost12hash_combineIiEEvRmRKT_
FN:627,630,_ZNK5boost4hashIiEclERKi
FN:92,95,_ZN5boost11hash_detail18hash_integral_implIiLb0ELb0ELm64ELm32EE2fnEi
FNDA:20406,_ZN5boost10hash_valueIiEENS_10enable_if_IXsrNS_11is_integralIT_EE5valueEmE4typeES3_
FNDA:20406,_ZN5boost12hash_combineIiEEvRmRKT_
FNDA:20406,_ZNK5boost4hashIiEclERKi
FNDA:20406,_ZN5boost11hash_detail18hash_integral_implIiLb0ELb0ELm64ELm32EE2fnEi
FNF:4
FNH:4
DA:92,20406
DA:94,20406
DA:160,20406
DA:162,20406
DA:561,20406
DA:563,20406
DA:564,20406
DA:627,20406
DA:629,20406
LF:9
LH:9
end_of_record
TN:
SF:/usr/include/c++/13/bits/alloc_traits.h
FNF:0
FNH:0
DA:482,18886
DA:517,18887
DA:540,1364
DA:542,1364
DA:560,621
DA:562,621
DA:576,26722
DA:948,1353
DA:949,1353
LF:9
LH:9
end_of_record
TN:
SF:/usr/include/c++/13/bits/allocator.h
FNF:0
FNH:0
DA:163,5533
DA:168,7100
DA:178,236
DA:184,5264
DA:191,18886
DA:193,0
DA:194,0
DA:195,0
DA:198,18886
DA:205,18887
DA:207,0
DA:208,0
DA:210,18887
LF:13
LH:8
end_of_record
TN:
SF:/usr/include/c++/13/bits/basic_string.h
FN:1084,1085,_ZNKSt7__cxx1112basic_stringIcSt11char_traitsIcESaIcEE8max_sizeEv
FN:124,137,_ZNSt7__cxx1112basic_stringIcSt11char_traitsIcESaIcEE11_S_allocateERS3_m
FN:188,189,_ZNSt7__cxx1112basic_stringIcSt11char_traitsIcESaIcEE12_Alloc_hiderC2EPcRKS3_
FN:212,213,_ZNSt7__cxx1112basic_stringIcSt11char_traitsIcESaIcEE7_M_dataEPc
FN:217,218,_ZNSt7__cxx1112basic_stringIcSt11char_traitsIcESaIcEE9_M_lengthEm
FN:222,223,_ZNKSt7__cxx1112basic_stringIcSt11char_traitsIcESaIcEE7_M_dataEv
FN:227,234,_ZNSt7__cxx1112basic_stringIcSt11char_traitsIcESaIcEE13_M_local_dataEv
FN:238,245,_ZNKSt7__cxx1112basic_stringIcSt11char_traitsIcESaIcEE13_M_local_dataEv
FN:249,250,_ZNSt7__cxx1112basic_stringIcSt11char_traitsIcESaIcEE11_M_capacityEm
FN:254,258,_ZNSt7__cxx1112basic_stringIcSt11char_traitsIcESaIcEE13_M_set_lengthEm
FN:262,271,_ZNKSt7__cxx1112basic_stringIcSt11char_traitsIcESaIcEE11_M_is_localEv
FN:280,284,_ZNSt7__cxx1112basic_stringIcSt11char_traitsIcESaIcEE10_M_disposeEv
FN:288,289,_ZNSt7__cxx1112basic_stringIcSt11char_traitsIcESaIcEE10_M_destroyEm
FN:336,337,_ZNSt7__cxx1112basic_stringIcSt11char_traitsIcESaIcEE16_M_get_allocatorEv
FN:341,342,_ZNKSt7__cxx1112basic_stringIcSt11char_traitsIcESaIcEE16_M_get_allocatorEv
FN:425,431,_ZNSt7__cxx1112basic_stringIcSt11char_traitsIcESaIcEE7_S_copyEPcPKcm
FN:4487,4488,_ZNSt8literals15string_literalsli1sB5cxx11EPKcm
FN:482,484,_ZNSt7__cxx1112basic_stringIcSt11char_traitsIcESaIcEE13_S_copy_charsEPcPKcS7_
FN:619,628,_ZNSt7__cxx1112basic_stringIcSt11char_traitsIcESaIcEEC2EPKcmRKS3_
FN:803,804,_ZNSt7__cxx1112basic_stringIcSt11char_traitsIcESaIcEED2Ev
FNDA:24788,_ZNKSt7__cxx1112basic_stringIcSt11char_traitsIcESaIcEE8max_sizeEv
FNDA:16970,_ZNSt7__cxx1112basic_stringIcSt11char_traitsIcESaIcEE11_S_allocateERS3_m
FNDA:6230,_ZNSt7__cxx1112basic_stringIcSt11char_traitsIcESaIcEE12_Alloc_hiderC2EPcRKS3_
FNDA:21058,_ZNSt7__cxx1112basic_stringIcSt11char_traitsIcESaIcEE7_M_dataEPc
FNDA:66696,_ZNSt7__cxx1112basic_stringIcSt11char_traitsIcESaIcEE9_M_lengthEm
FNDA:303485,_ZNKSt7__cxx1112basic_stringIcSt11char_traitsIcESaIcEE7_M_dataEv
FNDA:32561,_ZNSt7__cxx1112basic_stringIcSt11char_traitsIcESaIcEE13_M_local_dataEv
FNDA:74960,_ZNKSt7__cxx1112basic_stringIcSt11char_traitsIcESaIcEE13_M_local_dataEv
FNDA:17957,_ZNSt7__cxx1112basic_stringIcSt11char_traitsIcESaIcEE11_M_capacityEm
FNDA:63511,_ZNSt7__cxx1112basic_stringIcSt11char_traitsIcESaIcEE13_M_set_lengthEm
FNDA:74960,_ZNKSt7__cxx1112basic_stringIcSt11char_traitsIcESaIcEE11_M_is_localEv
FNDA:33815,_ZNSt7__cxx1112basic_stringIcSt11char_traitsIcESaIcEE10_M_disposeEv
FNDA:16971,_ZNSt7__cxx1112basic_stringIcSt11char_traitsIcESaIcEE10_M_destroyEm
FNDA:43525,_ZNSt7__cxx1112basic_stringIcSt11char_traitsIcESaIcEE16_M_get_allocatorEv
FNDA:29977,_ZNKSt7__cxx1112basic_stringIcSt11char_traitsIcESaIcEE16_M_get_allocatorEv
FNDA:25007,_ZNSt7__cxx1112basic_stringIcSt11char_traitsIcESaIcEE7_S_copyEPcPKcm
FNDA:84,_ZNSt8literals15string_literalsli1sB5cxx11EPKcm
FNDA:9667,_ZNSt7__cxx1112basic_stringIcSt11char_traitsIcESaIcEE13_S_copy_charsEPcPKcS7_
FNDA:4158,_ZNSt7__cxx1112basic_stringIcSt11char_traitsIcESaIcEEC2EPKcmRKS3_
FNDA:29691,_ZNSt7__cxx1112basic_stringIcSt11char_traitsIcESaIcEED2Ev
FNF:20
FNH:20
DA:124,16970
DA:126,16970
DA:136,16970
DA:188,6230
DA:189,6230
DA:212,21058
DA:213,21058
DA:217,66696
DA:218,66696
DA:222,303485
DA:223,303485
DA:227,32561
DA:230,32561
DA:238,74960
DA:241,74960
DA:249,17957
DA:250,17957
DA:254,63511
DA:256,63511
DA:257,63511
DA:258,63511
DA:262,74960
DA:264,74960
DA:266,29931
DA:267,0
DA:268,29931
DA:270,45029
DA:280,33815
DA:282,33815
DA:283,16971
DA:284,33815
DA:288,16971
DA:289,16971
DA:336,43525
DA:337,43525
DA:341,29977
DA:342,29977
DA:351,1638
DA:352,0
DA:353,0
DA:355,1638
DA:425,25007
DA:427,25007
DA:428,3876
DA:430,21131
DA:431,25007
DA:482,9667
DA:484,9667
DA:619,4158
DA:621,4158
DA:624,4158
DA:625,0
DA:627,4158
DA:628,4158
DA:803,29691
DA:804,29691
DA:1084,24788
DA:1085,49576
DA:4487,84
DA:4488,252
LF:60
LH:56
end_of_record
TN:
SF:/usr/include/c++/13/bits/basic_string.tcc
FN:138,160,_ZNSt7__cxx1112basic_stringIcSt11char_traitsIcESaIcEE9_M_createERmm
FN:221,252,_ZNSt7__cxx1112basic_stringIcSt11char_traitsIcESaIcEE12_M_constructIPKcEEvT_S8_St20forward_iterator_tag
FN:239,239,_ZZNSt7__cxx1112basic_stringIcSt11char_traitsIcESaIcEE12_M_constructIPKcEEvT_S8_St20forward_iterator_tagEN6_GuardC2EPS4_
FN:242,242,_ZZNSt7__cxx1112basic_stringIcSt11char_traitsIcESaIcEE12_M_constructIPKcEEvT_S8_St20forward_iterator_tagEN6_GuardD2Ev
FNDA:16970,_ZNSt7__cxx1112basic_stringIcSt11char_traitsIcESaIcEE9_M_createERmm
FNDA:9665,_ZNSt7__cxx1112basic_stringIcSt11char_traitsIcESaIcEE12_M_constructIPKcEEvT_S8_St20forward_iterator_tag
FNDA:9665,_ZZNSt7__cxx1112basic_stringIcSt11char_traitsIcESaIcEE12_M_constructIPKcEEvT_S8_St20forward_iterator_tagEN6_GuardC2EPS4_
FNDA:9665,_ZZNSt7__cxx1112basic_stringIcSt11char_traitsIcESaIcEE12_M_constructIPKcEEvT_S8_St20forward_iterator_tagEN6_GuardD2Ev
FNF:4
FNH:4
DA:138,16970
DA:143,16970
DA:144,0
DA:149,16970
DA:151,1556
DA:153,1556
DA:154,0
DA:159,16970
DA:221,9665
DA:225,9665
DA:227,9665
DA:229,8027
DA:230,8027
DA:239,9665
DA:242,9665
DA:245,9665
DA:247,9665
DA:249,9665
DA:251,9665
DA:252,9665
LF:20
LH:18
end_of_record
TN:
SF:/usr/include/c++/13/bits/char_traits.h
FN:253,268,_ZN9__gnu_cxx11char_traitsIcE4copyEPcPKcm
FN:351,359,_ZNSt11char_traitsIcE6assignERcRKc
FN:427,436,_ZNSt11char_traitsIcE4copyEPcPKcm
FNDA:0,_ZN9__gnu_cxx11char_traitsIcE4copyEPcPKcm
FNDA:88363,_ZNSt11char_traitsIcE6assignERcRKc
FNDA:23413,_ZNSt11char_traitsIcE4copyEPcPKcm
FNF:3
FNH:2
DA:253,0
DA:256,0
DA:257,0
DA:259,0
DA:261,0
DA:262,0
DA:263,0
DA:266,0
DA:267,0
DA:351,88363
DA:354,88363
DA:355,0
DA:358,88363
DA:359,88363
DA:427,23413
DA:429,23413
DA:430,446
DA:432,22967
DA:433,0
DA:435,22967
LF:20
LH:9
end_of_record
TN:
SF:/usr/include/c++/13/bits/cpp_type_traits.h
FN:607,608,_ZSt12__miter_baseIN9__gnu_cxx17__normal_iteratorIPKjSt6vectorIjSaIjEEEEET_S8_
FN:607,608,_ZSt12__miter_baseIPKjET_S2_
FN:607,608,_ZSt12__miter_baseIPjET_S1_
FNDA:1860,_ZSt12__miter_baseIN9__gnu_cxx17__normal_iteratorIPKjSt6vectorIjSaIjEEEEET_S8_
FNDA:124,_ZSt12__miter_baseIPKjET_S2_
FNDA:972,_ZSt12__miter_baseIPjET_S1_
FNF:3
FNH:3
DA:607,2956
DA:608,2956
LF:2
LH:2
end_of_record
TN:
SF:/usr/include/c++/13/bits/hashtable.h
FN:1595,1610,_ZNSt10_HashtableI7vector3IiESt4pairIKS1_St6vectorIjSaIjEEESaIS7_ENSt8__detail10_Select1stESt8equal_toIS1_ESt4hashIS1_ENS9_18_Mod_range_hashingENS9_20_Default_ranged_hashENS9_20_Prime_rehash_policyENS9_17_Hashtable_traitsILb1ELb0ELb1EEEED2Ev
FN:1664,1680,_ZNSt10_HashtableI7vector3IiESt4pairIKS1_St6vectorIjSaIjEEESaIS7_ENSt8__detail10_Select1stESt8equal_toIS1_ESt4hashIS1_ENS9_18_Mod_range_hashingENS9_20_Default_ranged_hashENS9_20_Prime_rehash_policyENS9_17_Hashtable_traitsILb1ELb0ELb1EEEE4findERS3_
FN:1687,1703,_ZNKSt10_HashtableI7vector3IiESt4pairIKS1_St6vectorIjSaIjEEESaIS7_ENSt8__detail10_Select1stESt8equal_toIS1_ESt4hashIS1_ENS9_18_Mod_range_hashingENS9_20_Default_ranged_hashENS9_20_Prime_rehash_policyENS9_17_Hashtable_traitsILb1ELb0ELb1EEEE4findERS3_
FN:1744,1766,_ZNKSt10_HashtableI7vector3IiESt4pairIKS1_St6vectorIjSaIjEEESaIS7_ENSt8__detail10_Select1stESt8equal_toIS1_ESt4hashIS1_ENS9_18_Mod_range_hashingENS9_20_Default_ranged_hashENS9_20_Prime_rehash_policyENS9_17_Hashtable_traitsILb1ELb0ELb1EEEE5countERS3_
FN:1948,1970,_ZNKSt10_HashtableI7vector3IiESt4pairIKS1_St6vectorIjSaIjEEESaIS7_ENSt8__detail10_Select1stESt8equal_toIS1_ESt4hashIS1_ENS9_18_Mod_range_hashingENS9_20_Default_ranged_hashENS9_20_Prime_rehash_policyENS9_17_Hashtable_traitsILb1ELb0ELb1EEEE19_M_find_before_nodeEmRS3_m
FN:2007,2033,_ZNSt10_HashtableI7vector3IiESt4pairIKS1_St6vectorIjSaIjEEESaIS7_ENSt8__detail10_Select1stESt8equal_toIS1_ESt4hashIS1_ENS9_18_Mod_range_hashingENS9_20_Default_ranged_hashENS9_20_Prime_rehash_policyENS9_17_Hashtable_traitsILb1ELb0ELb1EEEE22_M_insert_bucket_beginEmPNS9_10_Hash_nodeIS7_Lb1EEE
FN:2040,2057,_ZNSt10_HashtableI7vector3IiESt4pairIKS1_St6vectorIjSaIjEEESaIS7_ENSt8__detail10_Select1stESt8equal_toIS1_ESt4hashIS1_ENS9_18_Mod_range_hashingENS9_20_Default_ranged_hashENS9_20_Prime_rehash_policyENS9_17_Hashtable_traitsILb1ELb0ELb1EEEE22_M_remove_bucket_beginEmPNS9_10_Hash_nodeIS7_Lb1EEEm
FN:2064,2073,_ZNSt10_HashtableI7vector3IiESt4pairIKS1_St6vectorIjSaIjEEESaIS7_ENSt8__detail10_Select1stESt8equal_toIS1_ESt4hashIS1_ENS9_18_Mod_range_hashingENS9_20_Default_ranged_hashENS9_20_Prime_rehash_policyENS9_17_Hashtable_traitsILb1ELb0ELb1EEEE20_M_get_previous_nodeEmPNS9_10_Hash_nodeIS7_Lb1EEE
FN:2166,2189,_ZNSt10_HashtableI7vector3IiESt4pairIKS1_St6vectorIjSaIjEEESaIS7_ENSt8__detail10_Select1stESt8equal_toIS1_ESt4hashIS1_ENS9_18_Mod_range_hashingENS9_20_Default_ranged_hashENS9_20_Prime_rehash_policyENS9_17_Hashtable_traitsILb1ELb0ELb1EEEE21_M_insert_unique_nodeEmmPNS9_10_Hash_nodeIS7_Lb1EEEm
FN:2316,2329,_ZNSt10_HashtableI7vector3IiESt4pairIKS1_St6vectorIjSaIjEEESaIS7_ENSt8__detail10_Select1stESt8equal_toIS1_ESt4hashIS1_ENS9_18_Mod_range_hashingENS9_20_Default_ranged_hashENS9_20_Prime_rehash_policyENS9_17_Hashtable_traitsILb1ELb0ELb1EEEE5eraseENS9_20_Node_const_iteratorIS7_Lb0ELb1EEE
FN:2336,2357,_ZNSt10_HashtableI7vector3IiESt4pairIKS1_St6vectorIjSaIjEEESaIS7_ENSt8__detail10_Select1stESt8equal_toIS1_ESt4hashIS1_ENS9_18_Mod_range_hashingENS9_20_Default_ranged_hashENS9_20_Prime_rehash_policyENS9_17_Hashtable_traitsILb1ELb0ELb1EEEE8_M_eraseEmPNS9_15_Hash_node_baseEPNS9_10_Hash_nodeIS7_Lb1EEE
FN:2520,2529,_ZNSt10_HashtableI7vector3IiESt4pairIKS1_St6vectorIjSaIjEEESaIS7_ENSt8__detail10_Select1stESt8equal_toIS1_ESt4hashIS1_ENS9_18_Mod_range_hashingENS9_20_Default_ranged_hashENS9_20_Prime_rehash_policyENS9_17_Hashtable_traitsILb1ELb0ELb1EEEE5clearEv
FN:2559,2574,_ZNSt10_HashtableI7vector3IiESt4pairIKS1_St6vectorIjSaIjEEESaIS7_ENSt8__detail10_Select1stESt8equal_toIS1_ESt4hashIS1_ENS9_18_Mod_range_hashingENS9_20_Default_ranged_hashENS9_20_Prime_rehash_policyENS9_17_Hashtable_traitsILb1ELb0ELb1EEEE9_M_rehashEmRKm
FN:2582,2616,_ZNSt10_HashtableI7vector3IiESt4pairIKS1_St6vectorIjSaIjEEESaIS7_ENSt8__detail10_Select1stESt8equal_toIS1_ESt4hashIS1_ENS9_18_Mod_range_hashingENS9_20_Default_ranged_hashENS9_20_Prime_rehash_policyENS9_17_Hashtable_traitsILb1ELb0ELb1EEEE13_M_rehash_auxEmSt17integral_constantIbLb1EE
FN:305,308,_ZNSt10_HashtableI7vector3IiESt4pairIKS1_St6vectorIjSaIjEEESaIS7_ENSt8__detail10_Select1stESt8equal_toIS1_ESt4hashIS1_ENS9_18_Mod_range_hashingENS9_20_Default_ranged_hashENS9_20_Prime_rehash_policyENS9_17_Hashtable_traitsILb1ELb0ELb1EEEE12_Scoped_nodeC2IJRKSt21piecewise_construct_tSt5tupleIJOS1_EESQ_IJEEEEEPNS9_16_Hashtable_allocISaINS9_10_Hash_nodeIS7_Lb1EEEEEEDpOT_
FN:305,308,_ZNSt10_HashtableI7vector3IiESt4pairIKS1_St6vectorIjSaIjEEESaIS7_ENSt8__detail10_Select1stESt8equal_toIS1_ESt4hashIS1_ENS9_18_Mod_range_hashingENS9_20_Default_ranged_hashENS9_20_Prime_rehash_policyENS9_17_Hashtable_traitsILb1ELb0ELb1EEEE12_Scoped_nodeC2IJRKSt21piecewise_construct_tSt5tupleIJRS3_EESQ_IJEEEEEPNS9_16_Hashtable_allocISaINS9_10_Hash_nodeIS7_Lb1EEEEEEDpOT_
FN:311,311,_ZNSt10_HashtableI7vector3IiESt4pairIKS1_St6vectorIjSaIjEEESaIS7_ENSt8__detail10_Select1stESt8equal_toIS1_ESt4hashIS1_ENS9_18_Mod_range_hashingENS9_20_Default_ranged_hashENS9_20_Prime_rehash_policyENS9_17_Hashtable_traitsILb1ELb0ELb1EEEE12_Scoped_nodeD2Ev
FN:416,417,_ZNKSt10_HashtableI7vector3IiESt4pairIKS1_St6vectorIjSaIjEEESaIS7_ENSt8__detail10_Select1stESt8equal_toIS1_ESt4hashIS1_ENS9_18_Mod_range_hashingENS9_20_Default_ranged_hashENS9_20_Prime_rehash_policyENS9_17_Hashtable_traitsILb1ELb0ELb1EEEE21_M_uses_single_bucketEPPNS9_15_Hash_node_baseE
FN:424,428,_ZNSt10_HashtableI7vector3IiESt4pairIKS1_St6vectorIjSaIjEEESaIS7_ENSt8__detail10_Select1stESt8equal_toIS1_ESt4hashIS1_ENS9_18_Mod_range_hashingENS9_20_Default_ranged_hashENS9_20_Prime_rehash_policyENS9_17_Hashtable_traitsILb1ELb0ELb1EEEE22__small_size_thresholdEv
FN:434,443,_ZNSt10_HashtableI7vector3IiESt4pairIKS1_St6vectorIjSaIjEEESaIS7_ENSt8__detail10_Select1stESt8equal_toIS1_ESt4hashIS1_ENS9_18_Mod_range_hashingENS9_20_Default_ranged_hashENS9_20_Prime_rehash_policyENS9_17_Hashtable_traitsILb1ELb0ELb1EEEE19_M_allocate_bucketsEm
FN:446,452,_ZNSt10_HashtableI7vector3IiESt4pairIKS1_St6vectorIjSaIjEEESaIS7_ENSt8__detail10_Select1stESt8equal_toIS1_ESt4hashIS1_ENS9_18_Mod_range_hashingENS9_20_Default_ranged_hashENS9_20_Prime_rehash_policyENS9_17_Hashtable_traitsILb1ELb0ELb1EEEE21_M_deallocate_bucketsEPPNS9_15_Hash_node_baseEm
FN:455,456,_ZNSt10_HashtableI7vector3IiESt4pairIKS1_St6vectorIjSaIjEEESaIS7_ENSt8__detail10_Select1stESt8equal_toIS1_ESt4hashIS1_ENS9_18_Mod_range_hashingENS9_20_Default_ranged_hashENS9_20_Prime_rehash_policyENS9_17_Hashtable_traitsILb1ELb0ELb1EEEE21_M_deallocate_bucketsEv
FN:464,465,_ZNKSt10_HashtableI7vector3IiESt4pairIKS1_St6vectorIjSaIjEEESaIS7_ENSt8__detail10_Select1stESt8equal_toIS1_ESt4hashIS1_ENS9_18_Mod_range_hashingENS9_20_Default_ranged_hashENS9_20_Prime_rehash_policyENS9_17_Hashtable_traitsILb1ELb0ELb1EEEE8_M_beginEv
FN:530,530,_ZNSt10_HashtableI7vector3IiESt4pairIKS1_St6vectorIjSaIjEEESaIS7_ENSt8__detail10_Select1stESt8equal_toIS1_ESt4hashIS1_ENS9_18_Mod_range_hashingENS9_20_Default_ranged_hashENS9_20_Prime_rehash_policyENS9_17_Hashtable_traitsILb1ELb0ELb1EEEEC2Ev
FN:623,624,_ZNSt10_HashtableI7vector3IiESt4pairIKS1_St6vectorIjSaIjEEESaIS7_ENSt8__detail10_Select1stESt8equal_toIS1_ESt4hashIS1_ENS9_18_Mod_range_hashingENS9_20_Default_ranged_hashENS9_20_Prime_rehash_policyENS9_17_Hashtable_traitsILb1ELb0ELb1EEEE5beginEv
FN:627,628,_ZNKSt10_HashtableI7vector3IiESt4pairIKS1_St6vectorIjSaIjEEESaIS7_ENSt8__detail10_Select1stESt8equal_toIS1_ESt4hashIS1_ENS9_18_Mod_range_hashingENS9_20_Default_ranged_hashENS9_20_Prime_rehash_policyENS9_17_Hashtable_traitsILb1ELb0ELb1EEEE5beginEv
FN:631,632,_ZNSt10_HashtableI7vector3IiESt4pairIKS1_St6vectorIjSaIjEEESaIS7_ENSt8__detail10_Select1stESt8equal_toIS1_ESt4hashIS1_ENS9_18_Mod_range_hashingENS9_20_Default_ranged_hashENS9_20_Prime_rehash_policyENS9_17_Hashtable_traitsILb1ELb0ELb1EEEE3endEv
FN:635,636,_ZNKSt10_HashtableI7vector3IiESt4pairIKS1_St6vectorIjSaIjEEESaIS7_ENSt8__detail10_Select1stESt8equal_toIS1_ESt4hashIS1_ENS9_18_Mod_range_hashingENS9_20_Default_ranged_hashENS9_20_Prime_rehash_policyENS9_17_Hashtable_traitsILb1ELb0ELb1EEEE3endEv
FN:647,648,_ZNKSt10_HashtableI7vector3IiESt4pairIKS1_St6vectorIjSaIjEEESaIS7_ENSt8__detail10_Select1stESt8equal_toIS1_ESt4hashIS1_ENS9_18_Mod_range_hashingENS9_20_Default_ranged_hashENS9_20_Prime_rehash_policyENS9_17_Hashtable_traitsILb1ELb0ELb1EEEE4sizeEv
FN:651,652,_ZNKSt10_HashtableI7vector3IiESt4pairIKS1_St6vectorIjSaIjEEESaIS7_ENSt8__detail10_Select1stESt8equal_toIS1_ESt4hashIS1_ENS9_18_Mod_range_hashingENS9_20_Default_ranged_hashENS9_20_Prime_rehash_policyENS9_17_Hashtable_traitsILb1ELb0ELb1EEEE5emptyEv
FN:792,793,_ZNKSt10_HashtableI7vector3IiESt4pairIKS1_St6vectorIjSaIjEEESaIS7_ENSt8__detail10_Select1stESt8equal_toIS1_ESt4hashIS1_ENS9_18_Mod_range_hashingENS9_20_Default_ranged_hashENS9_20_Prime_rehash_policyENS9_17_Hashtable_traitsILb1ELb0ELb1EEEE15_M_bucket_indexERKNS9_16_Hash_node_valueIS7_Lb1EEE
FN:796,797,_ZNKSt10_HashtableI7vector3IiESt4pairIKS1_St6vectorIjSaIjEEESaIS7_ENSt8__detail10_Select1stESt8equal_toIS1_ESt4hashIS1_ENS9_18_Mod_range_hashingENS9_20_Default_ranged_hashENS9_20_Prime_rehash_policyENS9_17_Hashtable_traitsILb1ELb0ELb1EEEE15_M_bucket_indexEm
FN:812,819,_ZNKSt10_HashtableI7vector3IiESt4pairIKS1_St6vectorIjSaIjEEESaIS7_ENSt8__detail10_Select1stESt8equal_toIS1_ESt4hashIS1_ENS9_18_Mod_range_hashingENS9_20_Default_ranged_hashENS9_20_Prime_rehash_policyENS9_17_Hashtable_traitsILb1ELb0ELb1EEEE12_M_find_nodeEmRS3_m
FN:979,980,_ZNSt10_HashtableI7vector3IiESt4pairIKS1_St6vectorIjSaIjEEESaIS7_ENSt8__detail10_Select1stESt8equal_toIS1_ESt4hashIS1_ENS9_18_Mod_range_hashingENS9_20_Default_ranged_hashENS9_20_Prime_rehash_policyENS9_17_Hashtable_traitsILb1ELb0ELb1EEEE5eraseENS9_14_Node_iteratorIS7_Lb0ELb1EEE
FNDA:268,_ZNSt10_HashtableI7vector3IiESt4pairIKS1_St6vectorIjSaIjEEESaIS7_ENSt8__detail10_Select1stESt8equal_toIS1_ESt4hashIS1_ENS9_18_Mod_range_hashingENS9_20_Default_ranged_hashENS9_20_Prime_rehash_policyENS9_17_Hashtable_traitsILb1ELb0ELb1EEEED2Ev
FNDA:95,_ZNSt10_HashtableI7vector3IiESt4pairIKS1_St6vectorIjSaIjEEESaIS7_ENSt8__detail10_Select1stESt8equal_toIS1_ESt4hashIS1_ENS9_18_Mod_range_hashingENS9_20_Default_ranged_hashENS9_20_Prime_rehash_policyENS9_17_Hashtable_traitsILb1ELb0ELb1EEEE4findERS3_
FNDA:6050,_ZNKSt10_HashtableI7vector3IiESt4pairIKS1_St6vectorIjSaIjEEESaIS7_ENSt8__detail10_Select1stESt8equal_toIS1_ESt4hashIS1_ENS9_18_Mod_range_hashingENS9_20_Default_ranged_hashENS9_20_Prime_rehash_policyENS9_17_Hashtable_traitsILb1ELb0ELb1EEEE4findERS3_
FNDA:2,_ZNKSt10_HashtableI7vector3IiESt4pairIKS1_St6vectorIjSaIjEEESaIS7_ENSt8__detail10_Select1stESt8equal_toIS1_ESt4hashIS1_ENS9_18_Mod_range_hashingENS9_20_Default_ranged_hashENS9_20_Prime_rehash_policyENS9_17_Hashtable_traitsILb1ELb0ELb1EEEE5countERS3_
FNDA:6802,_ZNKSt10_HashtableI7vector3IiESt4pairIKS1_St6vectorIjSaIjEEESaIS7_ENSt8__detail10_Select1stESt8equal_toIS1_ESt4hashIS1_ENS9_18_Mod_range_hashingENS9_20_Default_ranged_hashENS9_20_Prime_rehash_policyENS9_17_Hashtable_traitsILb1ELb0ELb1EEEE19_M_find_before_nodeEmRS3_m
FNDA:613,_ZNSt10_HashtableI7vector3IiESt4pairIKS1_St6vectorIjSaIjEEESaIS7_ENSt8__detail10_Select1stESt8equal_toIS1_ESt4hashIS1_ENS9_18_Mod_range_hashingENS9_20_Default_ranged_hashENS9_20_Prime_rehash_policyENS9_17_Hashtable_traitsILb1ELb0ELb1EEEE22_M_insert_bucket_beginEmPNS9_10_Hash_nodeIS7_Lb1EEE
FNDA:6,_ZNSt10_HashtableI7vector3IiESt4pairIKS1_St6vectorIjSaIjEEESaIS7_ENSt8__detail10_Select1stESt8equal_toIS1_ESt4hashIS1_ENS9_18_Mod_range_hashingENS9_20_Default_ranged_hashENS9_20_Prime_rehash_policyENS9_17_Hashtable_traitsILb1ELb0ELb1EEEE22_M_remove_bucket_beginEmPNS9_10_Hash_nodeIS7_Lb1EEEm
FNDA:6,_ZNSt10_HashtableI7vector3IiESt4pairIKS1_St6vectorIjSaIjEEESaIS7_ENSt8__detail10_Select1stESt8equal_toIS1_ESt4hashIS1_ENS9_18_Mod_range_hashingENS9_20_Default_ranged_hashENS9_20_Prime_rehash_policyENS9_17_Hashtable_traitsILb1ELb0ELb1EEEE20_M_get_previous_nodeEmPNS9_10_Hash_nodeIS7_Lb1EEE
FNDA:613,_ZNSt10_HashtableI7vector3IiESt4pairIKS1_St6vectorIjSaIjEEESaIS7_ENSt8__detail10_Select1stESt8equal_toIS1_ESt4hashIS1_ENS9_18_Mod_range_hashingENS9_20_Default_ranged_hashENS9_20_Prime_rehash_policyENS9_17_Hashtable_traitsILb1ELb0ELb1EEEE21_M_insert_unique_nodeEmmPNS9_10_Hash_nodeIS7_Lb1EEEm
FNDA:6,_ZNSt10_HashtableI7vector3IiESt4pairIKS1_St6vectorIjSaIjEEESaIS7_ENSt8__detail10_Select1stESt8equal_toIS1_ESt4hashIS1_ENS9_18_Mod_range_hashingENS9_20_Default_ranged_hashENS9_20_Prime_rehash_policyENS9_17_Hashtable_traitsILb1ELb0ELb1EEEE5eraseENS9_20_Node_const_iteratorIS7_Lb0ELb1EEE
FNDA:6,_ZNSt10_HashtableI7vector3IiESt4pairIKS1_St6vectorIjSaIjEEESaIS7_ENSt8__detail10_Select1stESt8equal_toIS1_ESt4hashIS1_ENS9_18_Mod_range_hashingENS9_20_Default_ranged_hashENS9_20_Prime_rehash_policyENS9_17_Hashtable_traitsILb1ELb0ELb1EEEE8_M_eraseEmPNS9_15_Hash_node_baseEPNS9_10_Hash_nodeIS7_Lb1EEE
FNDA:418,_ZNSt10_HashtableI7vector3IiESt4pairIKS1_St6vectorIjSaIjEEESaIS7_ENSt8__detail10_Select1stESt8equal_toIS1_ESt4hashIS1_ENS9_18_Mod_range_hashingENS9_20_Default_ranged_hashENS9_20_Prime_rehash_policyENS9_17_Hashtable_traitsILb1ELb0ELb1EEEE5clearEv
FNDA:118,_ZNSt10_HashtableI7vector3IiESt4pairIKS1_St6vectorIjSaIjEEESaIS7_ENSt8__detail10_Select1stESt8equal_toIS1_ESt4hashIS1_ENS9_18_Mod_range_hashingENS9_20_Default_ranged_hashENS9_20_Prime_rehash_policyENS9_17_Hashtable_traitsILb1ELb0ELb1EEEE9_M_rehashEmRKm
FNDA:118,_ZNSt10_HashtableI7vector3IiESt4pairIKS1_St6vectorIjSaIjEEESaIS7_ENSt8__detail10_Select1stESt8equal_toIS1_ESt4hashIS1_ENS9_18_Mod_range_hashingENS9_20_Default_ranged_hashENS9_20_Prime_rehash_policyENS9_17_Hashtable_traitsILb1ELb0ELb1EEEE13_M_rehash_auxEmSt17integral_constantIbLb1EE
FNDA:4,_ZNSt10_HashtableI7vector3IiESt4pairIKS1_St6vectorIjSaIjEEESaIS7_ENSt8__detail10_Select1stESt8equal_toIS1_ESt4hashIS1_ENS9_18_Mod_range_hashingENS9_20_Default_ranged_hashENS9_20_Prime_rehash_policyENS9_17_Hashtable_traitsILb1ELb0ELb1EEEE12_Scoped_nodeC2IJRKSt21piecewise_construct_tSt5tupleIJOS1_EESQ_IJEEEEEPNS9_16_Hashtable_allocISaINS9_10_Hash_nodeIS7_Lb1EEEEEEDpOT_
FNDA:609,_ZNSt10_HashtableI7vector3IiESt4pairIKS1_St6vectorIjSaIjEEESaIS7_ENSt8__detail10_Select1stESt8equal_toIS1_ESt4hashIS1_ENS9_18_Mod_range_hashingENS9_20_Default_ranged_hashENS9_20_Prime_rehash_policyENS9_17_Hashtable_traitsILb1ELb0ELb1EEEE12_Scoped_nodeC2IJRKSt21piecewise_construct_tSt5tupleIJRS3_EESQ_IJEEEEEPNS9_16_Hashtable_allocISaINS9_10_Hash_nodeIS7_Lb1EEEEEEDpOT_
FNDA:613,_ZNSt10_HashtableI7vector3IiESt4pairIKS1_St6vectorIjSaIjEEESaIS7_ENSt8__detail10_Select1stESt8equal_toIS1_ESt4hashIS1_ENS9_18_Mod_range_hashingENS9_20_Default_ranged_hashENS9_20_Prime_rehash_policyENS9_17_Hashtable_traitsILb1ELb0ELb1EEEE12_Scoped_nodeD2Ev
FNDA:386,_ZNKSt10_HashtableI7vector3IiESt4pairIKS1_St6vectorIjSaIjEEESaIS7_ENSt8__detail10_Select1stESt8equal_toIS1_ESt4hashIS1_ENS9_18_Mod_range_hashingENS9_20_Default_ranged_hashENS9_20_Prime_rehash_policyENS9_17_Hashtable_traitsILb1ELb0ELb1EEEE21_M_uses_single_bucketEPPNS9_15_Hash_node_baseE
FNDA:6145,_ZNSt10_HashtableI7vector3IiESt4pairIKS1_St6vectorIjSaIjEEESaIS7_ENSt8__detail10_Select1stESt8equal_toIS1_ESt4hashIS1_ENS9_18_Mod_range_hashingENS9_20_Default_ranged_hashENS9_20_Prime_rehash_policyENS9_17_Hashtable_traitsILb1ELb0ELb1EEEE22__small_size_thresholdEv
FNDA:118,_ZNSt10_HashtableI7vector3IiESt4pairIKS1_St6vectorIjSaIjEEESaIS7_ENSt8__detail10_Select1stESt8equal_toIS1_ESt4hashIS1_ENS9_18_Mod_range_hashingENS9_20_Default_ranged_hashENS9_20_Prime_rehash_policyENS9_17_Hashtable_traitsILb1ELb0ELb1EEEE19_M_allocate_bucketsEm
FNDA:386,_ZNSt10_HashtableI7vector3IiESt4pairIKS1_St6vectorIjSaIjEEESaIS7_ENSt8__detail10_Select1stESt8equal_toIS1_ESt4hashIS1_ENS9_18_Mod_range_hashingENS9_20_Default_ranged_hashENS9_20_Prime_rehash_policyENS9_17_Hashtable_traitsILb1ELb0ELb1EEEE21_M_deallocate_bucketsEPPNS9_15_Hash_node_baseEm
FNDA:386,_ZNSt10_HashtableI7vector3IiESt4pairIKS1_St6vectorIjSaIjEEESaIS7_ENSt8__detail10_Select1stESt8equal_toIS1_ESt4hashIS1_ENS9_18_Mod_range_hashingENS9_20_Default_ranged_hashENS9_20_Prime_rehash_policyENS9_17_Hashtable_traitsILb1ELb0ELb1EEEE21_M_deallocate_bucketsEv
FNDA:754,_ZNKSt10_HashtableI7vector3IiESt4pairIKS1_St6vectorIjSaIjEEESaIS7_ENSt8__detail10_Select1stESt8equal_toIS1_ESt4hashIS1_ENS9_18_Mod_range_hashingENS9_20_Default_ranged_hashENS9_20_Prime_rehash_policyENS9_17_Hashtable_traitsILb1ELb0ELb1EEEE8_M_beginEv
FNDA:268,_ZNSt10_HashtableI7vector3IiESt4pairIKS1_St6vectorIjSaIjEEESaIS7_ENSt8__detail10_Select1stESt8equal_toIS1_ESt4hashIS1_ENS9_18_Mod_range_hashingENS9_20_Default_ranged_hashENS9_20_Prime_rehash_policyENS9_17_Hashtable_traitsILb1ELb0ELb1EEEEC2Ev
FNDA:218,_ZNSt10_HashtableI7vector3IiESt4pairIKS1_St6vectorIjSaIjEEESaIS7_ENSt8__detail10_Select1stESt8equal_toIS1_ESt4hashIS1_ENS9_18_Mod_range_hashingENS9_20_Default_ranged_hashENS9_20_Prime_rehash_policyENS9_17_Hashtable_traitsILb1ELb0ELb1EEEE5beginEv
FNDA:0,_ZNKSt10_HashtableI7vector3IiESt4pairIKS1_St6vectorIjSaIjEEESaIS7_ENSt8__detail10_Select1stESt8equal_toIS1_ESt4hashIS1_ENS9_18_Mod_range_hashingENS9_20_Default_ranged_hashENS9_20_Prime_rehash_policyENS9_17_Hashtable_traitsILb1ELb0ELb1EEEE5beginEv
FNDA:387,_ZNSt10_HashtableI7vector3IiESt4pairIKS1_St6vectorIjSaIjEEESaIS7_ENSt8__detail10_Select1stESt8equal_toIS1_ESt4hashIS1_ENS9_18_Mod_range_hashingENS9_20_Default_ranged_hashENS9_20_Prime_rehash_policyENS9_17_Hashtable_traitsILb1ELb0ELb1EEEE3endEv
FNDA:6048,_ZNKSt10_HashtableI7vector3IiESt4pairIKS1_St6vectorIjSaIjEEESaIS7_ENSt8__detail10_Select1stESt8equal_toIS1_ESt4hashIS1_ENS9_18_Mod_range_hashingENS9_20_Default_ranged_hashENS9_20_Prime_rehash_policyENS9_17_Hashtable_traitsILb1ELb0ELb1EEEE3endEv
FNDA:6305,_ZNKSt10_HashtableI7vector3IiESt4pairIKS1_St6vectorIjSaIjEEESaIS7_ENSt8__detail10_Select1stESt8equal_toIS1_ESt4hashIS1_ENS9_18_Mod_range_hashingENS9_20_Default_ranged_hashENS9_20_Prime_rehash_policyENS9_17_Hashtable_traitsILb1ELb0ELb1EEEE4sizeEv
FNDA:8,_ZNKSt10_HashtableI7vector3IiESt4pairIKS1_St6vectorIjSaIjEEESaIS7_ENSt8__detail10_Select1stESt8equal_toIS1_ESt4hashIS1_ENS9_18_Mod_range_hashingENS9_20_Default_ranged_hashENS9_20_Prime_rehash_policyENS9_17_Hashtable_traitsILb1ELb0ELb1EEEE5emptyEv
FNDA:1045,_ZNKSt10_HashtableI7vector3IiESt4pairIKS1_St6vectorIjSaIjEEESaIS7_ENSt8__detail10_Select1stESt8equal_toIS1_ESt4hashIS1_ENS9_18_Mod_range_hashingENS9_20_Default_ranged_hashENS9_20_Prime_rehash_policyENS9_17_Hashtable_traitsILb1ELb0ELb1EEEE15_M_bucket_indexERKNS9_16_Hash_node_valueIS7_Lb1EEE
FNDA:6920,_ZNKSt10_HashtableI7vector3IiESt4pairIKS1_St6vectorIjSaIjEEESaIS7_ENSt8__detail10_Select1stESt8equal_toIS1_ESt4hashIS1_ENS9_18_Mod_range_hashingENS9_20_Default_ranged_hashENS9_20_Prime_rehash_policyENS9_17_Hashtable_traitsILb1ELb0ELb1EEEE15_M_bucket_indexEm
FNDA:6802,_ZNKSt10_HashtableI7vector3IiESt4pairIKS1_St6vectorIjSaIjEEESaIS7_ENSt8__detail10_Select1stESt8equal_toIS1_ESt4hashIS1_ENS9_18_Mod_range_hashingENS9_20_Default_ranged_hashENS9_20_Prime_rehash_policyENS9_17_Hashtable_traitsILb1ELb0ELb1EEEE12_M_find_nodeEmRS3_m
FNDA:6,_ZNSt10_HashtableI7vector3IiESt4pairIKS1_St6vectorIjSaIjEEESaIS7_ENSt8__detail10_Select1stESt8equal_toIS1_ESt4hashIS1_ENS9_18_Mod_range_hashingENS9_20_Default_ranged_hashENS9_20_Prime_rehash_policyENS9_17_Hashtable_traitsILb1ELb0ELb1EEEE5eraseENS9_14_Node_iteratorIS7_Lb0ELb1EEE
FNF:34
FNH:33
DA:305,613
DA:306,613
DA:307,613
DA:308,613
DA:311,613
DA:416,386
DA:417,386
DA:424,6145
DA:427,6145
DA:434,118
DA:436,118
DA:438,0
DA:439,0
DA:442,118
DA:446,386
DA:448,386
DA:449,268
DA:451,118
DA:455,386
DA:456,386
DA:464,754
DA:465,754
DA:530,268
DA:623,218
DA:624,218
DA:627,0
DA:628,0
DA:631,387
DA:632,387
DA:635,6048
DA:636,6048
DA:647,6305
DA:648,6305
DA:651,8
DA:652,8
DA:792,1045
DA:793,1045
DA:796,6920
DA:797,6920
DA:812,6802
DA:815,6802
DA:816,6802
DA:817,611
DA:818,6191
DA:979,6
DA:980,6
DA:1595,268
DA:1608,268
DA:1609,268
DA:1610,268
DA:1664,95
DA:1669,95
DA:1671,74
DA:1672,0
DA:1673,0
DA:1674,74
DA:1677,21
DA:1678,21
DA:1679,21
DA:1687,6050
DA:1692,6050
DA:1694,0
DA:1695,0
DA:1696,0
DA:1697,0
DA:1700,6050
DA:1701,6050
DA:1702,6050
DA:1744,2
DA:1749,2
DA:1750,2
DA:1751,0
DA:1754,2
DA:1948,6802
DA:1954,6802
DA:1955,6802
DA:1956,5011
DA:1958,1791
DA:1959,32
DA:1961,1823
DA:1962,611
DA:1964,1212
DA:1965,1180
DA:1966,32
DA:1969,1180
DA:2007,613
DA:2011,613
DA:2015,144
DA:2016,144
DA:2023,469
DA:2024,469
DA:2026,469
DA:2029,337
DA:2031,469
DA:2033,613
DA:2040,6
DA:2045,6
DA:2049,6
DA:2050,0
DA:2053,6
DA:2054,6
DA:2055,6
DA:2057,6
DA:2064,6
DA:2069,6
DA:2070,6
DA:2071,0
DA:2072,6
DA:2166,613
DA:2172,613
DA:2174,613
DA:2177,613
DA:2179,118
DA:2180,118
DA:2183,613
DA:2186,613
DA:2187,613
DA:2188,613
DA:2316,6
DA:2321,6
DA:2322,6
DA:2327,6
DA:2328,6
DA:2336,6
DA:2341,6
DA:2342,6
DA:2343,6
DA:2344,0
DA:2346,0
DA:2347,0
DA:2348,0
DA:2351,6
DA:2352,6
DA:2353,6
DA:2354,6
DA:2356,6
DA:2520,418
DA:2524,418
DA:2525,418
DA:2526,418
DA:2527,418
DA:2528,418
DA:2529,418
DA:2559,118
DA:2565,118
DA:2567,0
DA:2571,0
DA:2572,0
DA:2574,118
DA:2582,118
DA:2586,118
DA:2587,118
DA:2588,118
DA:2589,118
DA:2590,196
DA:2592,78
DA:2594,78
DA:2595,78
DA:2597,66
DA:2598,66
DA:2599,66
DA:2600,66
DA:2601,60
DA:2602,66
DA:2606,12
DA:2607,12
DA:2610,78
DA:2613,118
DA:2614,118
DA:2615,118
DA:2616,118
LF:171
LH:151
end_of_record
TN:
SF:/usr/include/c++/13/bits/hashtable_policy.h
FN:112,113,_ZNKSt8__detail10_Select1stclIRKSt4pairIK7vector3IiESt6vectorIjSaIjEEEEEONS0_10__1st_typeIT_E4typeEOSD_
FN:1218,1218,_ZNSt8__detail21_Hashtable_ebo_helperILi0ESaINS_10_Hash_nodeISt4pairIK7vector3IiESt6vectorIjSaIjEEELb1EEEELb1EEC2Ev
FN:1218,1218,_ZNSt8__detail21_Hashtable_ebo_helperILi0ESt8equal_toI7vector3IiEELb1EEC2Ev
FN:1218,1218,_ZNSt8__detail21_Hashtable_ebo_helperILi1ESt4hashI7vector3IiEELb1EEC2Ev
FN:1225,1225,_ZNKSt8__detail21_Hashtable_ebo_helperILi0ESt8equal_toI7vector3IiEELb1EE7_M_cgetEv
FN:1225,1225,_ZNKSt8__detail21_Hashtable_ebo_helperILi1ESt4hashI7vector3IiEELb1EE7_M_cgetEv
FN:1226,1226,_ZNSt8__detail21_Hashtable_ebo_helperILi0ESaINS_10_Hash_nodeISt4pairIK7vector3IiESt6vectorIjSaIjEEELb1EEEELb1EE6_M_getEv
FN:1301,1301,_ZNSt8__detail15_Hash_code_baseI7vector3IiESt4pairIKS2_St6vectorIjSaIjEEENS_10_Select1stESt4hashIS2_ENS_18_Mod_range_hashingENS_20_Default_ranged_hashELb1EEC2Ev
FN:1306,1311,_ZNKSt8__detail15_Hash_code_baseI7vector3IiESt4pairIKS2_St6vectorIjSaIjEEENS_10_Select1stESt4hashIS2_ENS_18_Mod_range_hashingENS_20_Default_ranged_hashELb1EE12_M_hash_codeERS4_
FN:1331,1332,_ZNKSt8__detail15_Hash_code_baseI7vector3IiESt4pairIKS2_St6vectorIjSaIjEEENS_10_Select1stESt4hashIS2_ENS_18_Mod_range_hashingENS_20_Default_ranged_hashELb1EE15_M_bucket_indexEmm
FN:1346,1350,_ZNKSt8__detail15_Hash_code_baseI7vector3IiESt4pairIKS2_St6vectorIjSaIjEEENS_10_Select1stESt4hashIS2_ENS_18_Mod_range_hashingENS_20_Default_ranged_hashELb1EE15_M_bucket_indexERKNS_16_Hash_node_valueIS8_Lb1EEEm
FN:1362,1363,_ZNKSt8__detail15_Hash_code_baseI7vector3IiESt4pairIKS2_St6vectorIjSaIjEEENS_10_Select1stESt4hashIS2_ENS_18_Mod_range_hashingENS_20_Default_ranged_hashELb1EE13_M_store_codeERNS_21_Hash_node_code_cacheILb1EEEm
FN:1375,1375,_ZNKSt8__detail15_Hash_code_baseI7vector3IiESt4pairIKS2_St6vectorIjSaIjEEENS_10_Select1stESt4hashIS2_ENS_18_Mod_range_hashingENS_20_Default_ranged_hashELb1EE7_M_hashEv
FN:1692,1693,_ZNSt8__detail15_Hashtable_baseI7vector3IiESt4pairIKS2_St6vectorIjSaIjEEENS_10_Select1stESt8equal_toIS2_ESt4hashIS2_ENS_18_Mod_range_hashingENS_20_Default_ranged_hashENS_17_Hashtable_traitsILb1ELb0ELb1EEEE9_S_equalsEmRKNS_21_Hash_node_code_cacheILb1EEE
FN:1701,1701,_ZNSt8__detail15_Hashtable_baseI7vector3IiESt4pairIKS2_St6vectorIjSaIjEEENS_10_Select1stESt8equal_toIS2_ESt4hashIS2_ENS_18_Mod_range_hashingENS_20_Default_ranged_hashENS_17_Hashtable_traitsILb1ELb0ELb1EEEEC2Ev
FN:1708,1716,_ZNKSt8__detail15_Hashtable_baseI7vector3IiESt4pairIKS2_St6vectorIjSaIjEEENS_10_Select1stESt8equal_toIS2_ESt4hashIS2_ENS_18_Mod_range_hashingENS_20_Default_ranged_hashENS_17_Hashtable_traitsILb1ELb0ELb1EEEE13_M_key_equalsERS4_RKNS_16_Hash_node_valueIS8_Lb1EEE
FN:1732,1734,_ZNKSt8__detail15_Hashtable_baseI7vector3IiESt4pairIKS2_St6vectorIjSaIjEEENS_10_Select1stESt8equal_toIS2_ESt4hashIS2_ENS_18_Mod_range_hashingENS_20_Default_ranged_hashENS_17_Hashtable_traitsILb1ELb0ELb1EEEE9_M_equalsERS4_mRKNS_16_Hash_node_valueIS8_Lb1EEE
FN:1760,1760,_ZNKSt8__detail15_Hashtable_baseI7vector3IiESt4pairIKS2_St6vectorIjSaIjEEENS_10_Select1stESt8equal_toIS2_ESt4hashIS2_ENS_18_Mod_range_hashingENS_20_Default_ranged_hashENS_17_Hashtable_traitsILb1ELb0ELb1EEEE5_M_eqEv
FN:1940,1940,_ZNSt8__detail16_Hashtable_allocISaINS_10_Hash_nodeISt4pairIK7vector3IiESt6vectorIjSaIjEEELb1EEEEEC2Ev
FN:1950,1951,_ZNSt8__detail16_Hashtable_allocISaINS_10_Hash_nodeISt4pairIK7vector3IiESt6vectorIjSaIjEEELb1EEEEE17_M_node_allocatorEv
FN:1987,2005,_ZNSt8__detail16_Hashtable_allocISaINS_10_Hash_nodeISt4pairIK7vector3IiESt6vectorIjSaIjEEELb1EEEEE16_M_allocate_nodeIJRKSt21piecewise_construct_tSt5tupleIJOS4_EESH_IJEEEEEPSA_DpOT_
FN:1987,2005,_ZNSt8__detail16_Hashtable_allocISaINS_10_Hash_nodeISt4pairIK7vector3IiESt6vectorIjSaIjEEELb1EEEEE16_M_allocate_nodeIJRKSt21piecewise_construct_tSt5tupleIJRS5_EESH_IJEEEEEPSA_DpOT_
FN:2009,2013,_ZNSt8__detail16_Hashtable_allocISaINS_10_Hash_nodeISt4pairIK7vector3IiESt6vectorIjSaIjEEELb1EEEEE18_M_deallocate_nodeEPSA_
FN:2017,2023,_ZNSt8__detail16_Hashtable_allocISaINS_10_Hash_nodeISt4pairIK7vector3IiESt6vectorIjSaIjEEELb1EEEEE22_M_deallocate_node_ptrEPSA_
FN:2027,2035,_ZNSt8__detail16_Hashtable_allocISaINS_10_Hash_nodeISt4pairIK7vector3IiESt6vectorIjSaIjEEELb1EEEEE19_M_deallocate_nodesEPSA_
FN:2039,2048,_ZNSt8__detail16_Hashtable_allocISaINS_10_Hash_nodeISt4pairIK7vector3IiESt6vectorIjSaIjEEELb1EEEEE19_M_allocate_bucketsEm
FN:2052,2060,_ZNSt8__detail16_Hashtable_allocISaINS_10_Hash_nodeISt4pairIK7vector3IiESt6vectorIjSaIjEEELb1EEEEE21_M_deallocate_bucketsEPPNS_15_Hash_node_baseEm
FN:297,298,_ZNSt8__detail22_Hashtable_hash_traitsISt4hashI7vector3IiEEE22__small_size_thresholdEv
FN:313,313,_ZNSt8__detail15_Hash_node_baseC2Ev
FN:380,381,_ZNKSt8__detail10_Hash_nodeISt4pairIK7vector3IiESt6vectorIjSaIjEEELb1EE7_M_nextEv
FN:393,394,_ZNSt8__detail19_Node_iterator_baseISt4pairIK7vector3IiESt6vectorIjSaIjEEELb1EEC2EPNS_10_Hash_nodeIS8_Lb1EEE
FN:397,398,_ZNSt8__detail19_Node_iterator_baseISt4pairIK7vector3IiESt6vectorIjSaIjEEELb1EE7_M_incrEv
FN:401,403,_ZNSt8__detaileqERKNS_19_Node_iterator_baseISt4pairIK7vector3IiESt6vectorIjSaIjEEELb1EEESB_
FN:436,437,_ZNSt8__detail14_Node_iteratorISt4pairIK7vector3IiESt6vectorIjSaIjEEELb0ELb1EEC2EPNS_10_Hash_nodeIS8_Lb1EEE
FN:440,441,_ZNKSt8__detail14_Node_iteratorISt4pairIK7vector3IiESt6vectorIjSaIjEEELb0ELb1EEdeEv
FN:444,445,_ZNKSt8__detail14_Node_iteratorISt4pairIK7vector3IiESt6vectorIjSaIjEEELb0ELb1EEptEv
FN:448,452,_ZNSt8__detail14_Node_iteratorISt4pairIK7vector3IiESt6vectorIjSaIjEEELb0ELb1EEppEv
FN:483,484,_ZNSt8__detail20_Node_const_iteratorISt4pairIK7vector3IiESt6vectorIjSaIjEEELb0ELb1EEC2EPNS_10_Hash_nodeIS8_Lb1EEE
FN:486,488,_ZNSt8__detail20_Node_const_iteratorISt4pairIK7vector3IiESt6vectorIjSaIjEEELb0ELb1EEC2ERKNS_14_Node_iteratorIS8_Lb0ELb1EEE
FN:495,496,_ZNKSt8__detail20_Node_const_iteratorISt4pairIK7vector3IiESt6vectorIjSaIjEEELb0ELb1EEptEv
FN:499,503,_ZNSt8__detail20_Node_const_iteratorISt4pairIK7vector3IiESt6vectorIjSaIjEEELb0ELb1EEppEv
FN:526,528,_ZNKSt8__detail18_Mod_range_hashingclEmm
FN:544,545,_ZNSt8__detail20_Prime_rehash_policyC2Ef
FN:571,572,_ZNKSt8__detail20_Prime_rehash_policy8_M_stateEv
FN:579,580,_ZNSt8__detail20_Prime_rehash_policy8_M_resetEm
FN:807,828,_ZNSt8__detail9_Map_baseI7vector3IiESt4pairIKS2_St6vectorIjSaIjEEESaIS8_ENS_10_Select1stESt8equal_toIS2_ESt4hashIS2_ENS_18_Mod_range_hashingENS_20_Default_ranged_hashENS_20_Prime_rehash_policyENS_17_Hashtable_traitsILb1ELb0ELb1EEELb1EEixERS4_
FN:834,855,_ZNSt8__detail9_Map_baseI7vector3IiESt4pairIKS2_St6vectorIjSaIjEEESaIS8_ENS_10_Select1stESt8equal_toIS2_ESt4hashIS2_ENS_18_Mod_range_hashingENS_20_Default_ranged_hashENS_20_Prime_rehash_policyENS_17_Hashtable_traitsILb1ELb0ELb1EEELb1EEixEOS2_
FNDA:611,_ZNKSt8__detail10_Select1stclIRKSt4pairIK7vector3IiESt6vectorIjSaIjEEEEEONS0_10__1st_typeIT_E4typeEOSD_
FNDA:268,_ZNSt8__detail21_Hashtable_ebo_helperILi0ESaINS_10_Hash_nodeISt4pairIK7vector3IiESt6vectorIjSaIjEEELb1EEEELb1EEC2Ev
FNDA:268,_ZNSt8__detail21_Hashtable_ebo_helperILi0ESt8equal_toI7vector3IiEELb1EEC2Ev
FNDA:268,_ZNSt8__detail21_Hashtable_ebo_helperILi1ESt4hashI7vector3IiEELb1EEC2Ev
FNDA:611,_ZNKSt8__detail21_Hashtable_ebo_helperILi0ESt8equal_toI7vector3IiEELb1EE7_M_cgetEv
FNDA:6802,_ZNKSt8__detail21_Hashtable_ebo_helperILi1ESt4hashI7vector3IiEELb1EE7_M_cgetEv
FNDA:2688,_ZNSt8__detail21_Hashtable_ebo_helperILi0ESaINS_10_Hash_nodeISt4pairIK7vector3IiESt6vectorIjSaIjEEELb1EEEELb1EE6_M_getEv
FNDA:268,_ZNSt8__detail15_Hash_code_baseI7vector3IiESt4pairIKS2_St6vectorIjSaIjEEENS_10_Select1stESt4hashIS2_ENS_18_Mod_range_hashingENS_20_Default_ranged_hashELb1EEC2Ev
FNDA:6802,_ZNKSt8__detail15_Hash_code_baseI7vector3IiESt4pairIKS2_St6vectorIjSaIjEEENS_10_Select1stESt4hashIS2_ENS_18_Mod_range_hashingENS_20_Default_ranged_hashELb1EE12_M_hash_codeERS4_
FNDA:6920,_ZNKSt8__detail15_Hash_code_baseI7vector3IiESt4pairIKS2_St6vectorIjSaIjEEENS_10_Select1stESt4hashIS2_ENS_18_Mod_range_hashingENS_20_Default_ranged_hashELb1EE15_M_bucket_indexEmm
FNDA:1123,_ZNKSt8__detail15_Hash_code_baseI7vector3IiESt4pairIKS2_St6vectorIjSaIjEEENS_10_Select1stESt4hashIS2_ENS_18_Mod_range_hashingENS_20_Default_ranged_hashELb1EE15_M_bucket_indexERKNS_16_Hash_node_valueIS8_Lb1EEEm
FNDA:613,_ZNKSt8__detail15_Hash_code_baseI7vector3IiESt4pairIKS2_St6vectorIjSaIjEEENS_10_Select1stESt4hashIS2_ENS_18_Mod_range_hashingENS_20_Default_ranged_hashELb1EE13_M_store_codeERNS_21_Hash_node_code_cacheILb1EEEm
FNDA:6802,_ZNKSt8__detail15_Hash_code_baseI7vector3IiESt4pairIKS2_St6vectorIjSaIjEEENS_10_Select1stESt4hashIS2_ENS_18_Mod_range_hashingENS_20_Default_ranged_hashELb1EE7_M_hashEv
FNDA:1823,_ZNSt8__detail15_Hashtable_baseI7vector3IiESt4pairIKS2_St6vectorIjSaIjEEENS_10_Select1stESt8equal_toIS2_ESt4hashIS2_ENS_18_Mod_range_hashingENS_20_Default_ranged_hashENS_17_Hashtable_traitsILb1ELb0ELb1EEEE9_S_equalsEmRKNS_21_Hash_node_code_cacheILb1EEE
FNDA:268,_ZNSt8__detail15_Hashtable_baseI7vector3IiESt4pairIKS2_St6vectorIjSaIjEEENS_10_Select1stESt8equal_toIS2_ESt4hashIS2_ENS_18_Mod_range_hashingENS_20_Default_ranged_hashENS_17_Hashtable_traitsILb1ELb0ELb1EEEEC2Ev
FNDA:611,_ZNKSt8__detail15_Hashtable_baseI7vector3IiESt4pairIKS2_St6vectorIjSaIjEEENS_10_Select1stESt8equal_toIS2_ESt4hashIS2_ENS_18_Mod_range_hashingENS_20_Default_ranged_hashENS_17_Hashtable_traitsILb1ELb0ELb1EEEE13_M_key_equalsERS4_RKNS_16_Hash_node_valueIS8_Lb1EEE
FNDA:1823,_ZNKSt8__detail15_Hashtable_baseI7vector3IiESt4pairIKS2_St6vectorIjSaIjEEENS_10_Select1stESt8equal_toIS2_ESt4hashIS2_ENS_18_Mod_range_hashingENS_20_Default_ranged_hashENS_17_Hashtable_traitsILb1ELb0ELb1EEEE9_M_equalsERS4_mRKNS_16_Hash_node_valueIS8_Lb1EEE
FNDA:611,_ZNKSt8__detail15_Hashtable_baseI7vector3IiESt4pairIKS2_St6vectorIjSaIjEEENS_10_Select1stESt8equal_toIS2_ESt4hashIS2_ENS_18_Mod_range_hashingENS_20_Default_ranged_hashENS_17_Hashtable_traitsILb1ELb0ELb1EEEE5_M_eqEv
FNDA:268,_ZNSt8__detail16_Hashtable_allocISaINS_10_Hash_nodeISt4pairIK7vector3IiESt6vectorIjSaIjEEELb1EEEEEC2Ev
FNDA:2688,_ZNSt8__detail16_Hashtable_allocISaINS_10_Hash_nodeISt4pairIK7vector3IiESt6vectorIjSaIjEEELb1EEEEE17_M_node_allocatorEv
FNDA:4,_ZNSt8__detail16_Hashtable_allocISaINS_10_Hash_nodeISt4pairIK7vector3IiESt6vectorIjSaIjEEELb1EEEEE16_M_allocate_nodeIJRKSt21piecewise_construct_tSt5tupleIJOS4_EESH_IJEEEEEPSA_DpOT_
FNDA:609,_ZNSt8__detail16_Hashtable_allocISaINS_10_Hash_nodeISt4pairIK7vector3IiESt6vectorIjSaIjEEELb1EEEEE16_M_allocate_nodeIJRKSt21piecewise_construct_tSt5tupleIJRS5_EESH_IJEEEEEPSA_DpOT_
FNDA:613,_ZNSt8__detail16_Hashtable_allocISaINS_10_Hash_nodeISt4pairIK7vector3IiESt6vectorIjSaIjEEELb1EEEEE18_M_deallocate_nodeEPSA_
FNDA:613,_ZNSt8__detail16_Hashtable_allocISaINS_10_Hash_nodeISt4pairIK7vector3IiESt6vectorIjSaIjEEELb1EEEEE22_M_deallocate_node_ptrEPSA_
FNDA:418,_ZNSt8__detail16_Hashtable_allocISaINS_10_Hash_nodeISt4pairIK7vector3IiESt6vectorIjSaIjEEELb1EEEEE19_M_deallocate_nodesEPSA_
FNDA:118,_ZNSt8__detail16_Hashtable_allocISaINS_10_Hash_nodeISt4pairIK7vector3IiESt6vectorIjSaIjEEELb1EEEEE19_M_allocate_bucketsEm
FNDA:118,_ZNSt8__detail16_Hashtable_allocISaINS_10_Hash_nodeISt4pairIK7vector3IiESt6vectorIjSaIjEEELb1EEEEE21_M_deallocate_bucketsEPPNS_15_Hash_node_baseEm
FNDA:6145,_ZNSt8__detail22_Hashtable_hash_traitsISt4hashI7vector3IiEEE22__small_size_thresholdEv
FNDA:881,_ZNSt8__detail15_Hash_node_baseC2Ev
FNDA:2354,_ZNKSt8__detail10_Hash_nodeISt4pairIK7vector3IiESt6vectorIjSaIjEEELb1EE7_M_nextEv
FNDA:13349,_ZNSt8__detail19_Node_iterator_baseISt4pairIK7vector3IiESt6vectorIjSaIjEEELb1EEC2EPNS_10_Hash_nodeIS8_Lb1EEE
FNDA:586,_ZNSt8__detail19_Node_iterator_baseISt4pairIK7vector3IiESt6vectorIjSaIjEEELb1EE7_M_incrEv
FNDA:6947,_ZNSt8__detaileqERKNS_19_Node_iterator_baseISt4pairIK7vector3IiESt6vectorIjSaIjEEELb1EEESB_
FNDA:1245,_ZNSt8__detail14_Node_iteratorISt4pairIK7vector3IiESt6vectorIjSaIjEEELb0ELb1EEC2EPNS_10_Hash_nodeIS8_Lb1EEE
FNDA:586,_ZNKSt8__detail14_Node_iteratorISt4pairIK7vector3IiESt6vectorIjSaIjEEELb0ELb1EEdeEv
FNDA:642,_ZNKSt8__detail14_Node_iteratorISt4pairIK7vector3IiESt6vectorIjSaIjEEELb0ELb1EEptEv
FNDA:586,_ZNSt8__detail14_Node_iteratorISt4pairIK7vector3IiESt6vectorIjSaIjEEELb0ELb1EEppEv
FNDA:12098,_ZNSt8__detail20_Node_const_iteratorISt4pairIK7vector3IiESt6vectorIjSaIjEEELb0ELb1EEC2EPNS_10_Hash_nodeIS8_Lb1EEE
[...]
FN:992,993,_ZNKSt6vectorIN10flockstorm8obstacle6sphereESaIS2_EE4sizeEv
FN:992,993,_ZNKSt6vectorIjSaIjEE4sizeEv
FN:998,999,_ZNKSt6vectorIN10flockstorm8obstacle6sphereESaIS2_EE8max_sizeEv
FN:998,999,_ZNKSt6vectorIjSaIjEE8max_sizeEv
FNDA:5,_ZNSt6vectorIjSaIjEE6resizeEm
FNDA:2,_ZNKSt6vectorIjSaIjEE8capacityEv
FNDA:40,_ZNKSt6vectorIN10flockstorm8obstacle6sphereESaIS2_EE5emptyEv
FNDA:2314,_ZNSt6vectorI7vector3IfESaIS1_EEixEm
FNDA:860,_ZNSt6vectorI7vector3IiESaIS1_EEixEm
FNDA:6,_ZNSt6vectorIN10flockstorm8obstacle6sphereESaIS2_EEixEm
FNDA:6,_ZNSt6vectorIjSaIjEEixEm
FNDA:213,_ZNKSt6vectorI7vector3IfESaIS1_EEixEm
FNDA:257,_ZNKSt6vectorI7vector3IfESaIS1_EE14_M_range_checkEm
FNDA:44,_ZNSt6vectorI7vector3IfESaIS1_EE2atEm
FNDA:213,_ZNKSt6vectorI7vector3IfESaIS1_EE2atEm
FNDA:20,_ZNSt6vectorIN10flockstorm8obstacle6sphereESaIS2_EE4backEv
FNDA:728,_ZNSt6vectorIjSaIjEE4backEv
FNDA:8,_ZNSt6vectorIjSaIjEE9push_backEOj
FNDA:60,_ZNSt12_Vector_baseIN10flockstorm8obstacle6sphereESaIS2_EE12_Vector_implC2Ev
FNDA:613,_ZNSt12_Vector_baseIjSaIjEE12_Vector_implC2Ev
FNDA:180,_ZNSt12_Vector_baseI7vector3IfESaIS1_EE12_Vector_implC2ERKS2_
FNDA:194,_ZNSt12_Vector_baseI7vector3IiESaIS1_EE12_Vector_implC2ERKS2_
FNDA:60,_ZNSt12_Vector_baseIjSaIjEE12_Vector_implC2ERKS0_
FNDA:472,_ZNSt6vectorIjSaIjEE6insertIN9__gnu_cxx17__normal_iteratorIPKjS1_EEvEENS4_IPjS1_EES7_T_SA_
FNDA:1,_ZNSt6vectorIN10flockstorm8obstacle6sphereESaIS2_EE5clearEv
FNDA:224,_ZNSt6vectorIjSaIjEE5clearEv
FNDA:2,_ZNSt6vectorIjSaIjEE20_M_allocate_and_copyIPKjEEPjmT_S6_
FNDA:60,_ZNSt6vectorIjSaIjEE19_M_range_initializeIPKjEEvT_S5_St20forward_iterator_tag
FNDA:180,_ZNSt6vectorI7vector3IfESaIS1_EE21_M_default_initializeEm
FNDA:194,_ZNSt6vectorI7vector3IiESaIS1_EE21_M_default_initializeEm
FNDA:20,_ZNKSt6vectorIN10flockstorm8obstacle6sphereESaIS2_EE12_M_check_lenEmPKc
FNDA:729,_ZNKSt6vectorIjSaIjEE12_M_check_lenEmPKc
FNDA:180,_ZNSt6vectorI7vector3IfESaIS1_EE17_S_check_init_lenEmRKS2_
FNDA:194,_ZNSt6vectorI7vector3IiESaIS1_EE17_S_check_init_lenEmRKS2_
FNDA:62,_ZNSt6vectorIjSaIjEE17_S_check_init_lenEmRKS0_
FNDA:180,_ZNSt6vectorI7vector3IfESaIS1_EE11_S_max_sizeERKS2_
FNDA:194,_ZNSt6vectorI7vector3IiESaIS1_EE11_S_max_sizeERKS2_
FNDA:40,_ZNSt6vectorIN10flockstorm8obstacle6sphereESaIS2_EE11_S_max_sizeERKS3_
FNDA:1520,_ZNSt6vectorIjSaIjEE11_S_max_sizeERKS0_
FNDA:1,_ZNSt6vectorIN10flockstorm8obstacle6sphereESaIS2_EE15_M_erase_at_endEPS2_
FNDA:229,_ZNSt6vectorIjSaIjEE15_M_erase_at_endEPj
FNDA:360,_ZNSt12_Vector_baseI7vector3IfESaIS1_EE19_M_get_Tp_allocatorEv
FNDA:388,_ZNSt12_Vector_baseI7vector3IiESaIS1_EE19_M_get_Tp_allocatorEv
FNDA:51,_ZNSt12_Vector_baseIN10flockstorm8obstacle6sphereESaIS2_EE19_M_get_Tp_allocatorEv
FNDA:3430,_ZNSt12_Vector_baseIjSaIjEE19_M_get_Tp_allocatorEv
FNDA:40,_ZNKSt12_Vector_baseIN10flockstorm8obstacle6sphereESaIS2_EE19_M_get_Tp_allocatorEv
FNDA:1458,_ZNKSt12_Vector_baseIjSaIjEE19_M_get_Tp_allocatorEv
FNDA:60,_ZNSt12_Vector_baseIN10flockstorm8obstacle6sphereESaIS2_EEC2Ev
FNDA:613,_ZNSt12_Vector_baseIjSaIjEEC2Ev
FNDA:60,_ZNSt12_Vector_baseIjSaIjEEC2ERKS0_
FNDA:180,_ZNSt12_Vector_baseI7vector3IfESaIS1_EEC2EmRKS2_
FNDA:194,_ZNSt12_Vector_baseI7vector3IiESaIS1_EEC2EmRKS2_
FNDA:180,_ZNSt12_Vector_baseI7vector3IfESaIS1_EED2Ev
FNDA:194,_ZNSt12_Vector_baseI7vector3IiESaIS1_EED2Ev
FNDA:60,_ZNSt12_Vector_baseIN10flockstorm8obstacle6sphereESaIS2_EED2Ev
FNDA:673,_ZNSt12_Vector_baseIjSaIjEED2Ev
FNDA:180,_ZNSt12_Vector_baseI7vector3IfESaIS1_EE11_M_allocateEm
FNDA:194,_ZNSt12_Vector_baseI7vector3IiESaIS1_EE11_M_allocateEm
FNDA:20,_ZNSt12_Vector_baseIN10flockstorm8obstacle6sphereESaIS2_EE11_M_allocateEm
FNDA:791,_ZNSt12_Vector_baseIjSaIjEE11_M_allocateEm
FNDA:180,_ZNSt12_Vector_baseI7vector3IfESaIS1_EE13_M_deallocateEPS1_m
FNDA:194,_ZNSt12_Vector_baseI7vector3IiESaIS1_EE13_M_deallocateEPS1_m
FNDA:80,_ZNSt12_Vector_baseIN10flockstorm8obstacle6sphereESaIS2_EE13_M_deallocateEPS2_m
FNDA:1404,_ZNSt12_Vector_baseIjSaIjEE13_M_deallocateEPjm
FNDA:180,_ZNSt12_Vector_baseI7vector3IfESaIS1_EE17_M_create_storageEm
FNDA:194,_ZNSt12_Vector_baseI7vector3IiESaIS1_EE17_M_create_storageEm
FNDA:40,_ZNSt6vectorIN10flockstorm8obstacle6sphereESaIS2_EE11_S_relocateEPS2_S5_S5_RS3_
FNDA:1430,_ZNSt6vectorIjSaIjEE11_S_relocateEPjS2_S2_RS0_
FNDA:60,_ZNSt6vectorIN10flockstorm8obstacle6sphereESaIS2_EEC2Ev
FNDA:613,_ZNSt6vectorIjSaIjEEC2Ev
FNDA:180,_ZNSt6vectorI7vector3IfESaIS1_EEC2EmRKS2_
FNDA:194,_ZNSt6vectorI7vector3IiESaIS1_EEC2EmRKS2_
FNDA:60,_ZNSt6vectorIjSaIjEEC2ESt16initializer_listIjERKS0_
FNDA:180,_ZNSt6vectorI7vector3IfESaIS1_EED2Ev
FNDA:194,_ZNSt6vectorI7vector3IiESaIS1_EED2Ev
FNDA:60,_ZNSt6vectorIN10flockstorm8obstacle6sphereESaIS2_EED2Ev
FNDA:673,_ZNSt6vectorIjSaIjEED2Ev
FNDA:2,_ZNSt6vectorIjSaIjEEaSESt16initializer_listIjE
FNDA:84,_ZNSt6vectorIN10flockstorm8obstacle6sphereESaIS2_EE5beginEv
FNDA:1894,_ZNSt6vectorIjSaIjEE5beginEv
FNDA:40,_ZNKSt6vectorIN10flockstorm8obstacle6sphereESaIS2_EE5beginEv
FNDA:472,_ZNKSt6vectorIjSaIjEE5beginEv
FNDA:104,_ZNSt6vectorIN10flockstorm8obstacle6sphereESaIS2_EE3endEv
FNDA:2617,_ZNSt6vectorIjSaIjEE3endEv
FNDA:40,_ZNKSt6vectorIN10flockstorm8obstacle6sphereESaIS2_EE3endEv
FNDA:472,_ZNKSt6vectorIjSaIjEE3endEv
FNDA:472,_ZNKSt6vectorIjSaIjEE6cbeginEv
FNDA:180,_ZNSt12_Vector_baseI7vector3IfESaIS1_EE17_Vector_impl_dataC2Ev
FNDA:194,_ZNSt12_Vector_baseI7vector3IiESaIS1_EE17_Vector_impl_dataC2Ev
FNDA:60,_ZNSt12_Vector_baseIN10flockstorm8obstacle6sphereESaIS2_EE17_Vector_impl_dataC2Ev
FNDA:673,_ZNSt12_Vector_baseIjSaIjEE17_Vector_impl_dataC2Ev
FNDA:257,_ZNKSt6vectorI7vector3IfESaIS1_EE4sizeEv
FNDA:2,_ZNKSt6vectorI7vector3IiESaIS1_EE4sizeEv
FNDA:73,_ZNKSt6vectorIN10flockstorm8obstacle6sphereESaIS2_EE4sizeEv
FNDA:3532,_ZNKSt6vectorIjSaIjEE4sizeEv
FNDA:40,_ZNKSt6vectorIN10flockstorm8obstacle6sphereESaIS2_EE8max_sizeEv
FNDA:1458,_ZNKSt6vectorIjSaIjEE8max_sizeEv
FNF:93
FNH:93
DA:99,1107
DA:100,1107
DA:101,1107
DA:137,673
DA:142,673
DA:143,673
DA:146,434
DA:147,434
DA:148,434
DA:301,4229
DA:302,4229
DA:306,1498
DA:307,1498
DA:315,673
DA:321,60
DA:322,60
DA:333,374
DA:334,374
DA:335,374
DA:367,1107
DA:369,1107
DA:370,1107
DA:371,1107
DA:378,1185
DA:381,2370
DA:386,1858
DA:389,1858
DA:390,1185
DA:391,1858
DA:396,374
DA:398,374
DA:399,374
DA:400,374
DA:401,374
DA:504,1470
DA:509,1470
DA:531,673
DA:556,374
DA:557,374
DA:558,374
DA:678,60
DA:680,60
DA:682,60
DA:683,60
DA:684,60
DA:733,1107
DA:735,1107
DA:736,1107
DA:738,1107
DA:788,2
DA:790,2
DA:791,2
DA:792,2
DA:873,1978
DA:874,1978
DA:883,512
DA:884,512
DA:893,2721
DA:894,2721
DA:903,512
DA:904,512
DA:954,472
DA:955,472
DA:992,3864
DA:993,3864
DA:998,1498
DA:999,1498
DA:1013,5
DA:1015,5
DA:1016,0
DA:1017,5
DA:1018,5
DA:1019,5
DA:1078,2
DA:1079,2
DA:1080,2
DA:1088,40
DA:1089,40
DA:1126,3186
DA:1129,3186
DA:1145,213
DA:1148,213
DA:1155,257
DA:1157,257
DA:1158,0
DA:1162,257
DA:1178,44
DA:1180,44
DA:1181,44
DA:1197,213
DA:1199,213
DA:1200,213
DA:1233,748
DA:1236,748
DA:1298,8
DA:1299,8
DA:1482,472
DA:1485,472
DA:1486,472
DA:1487,472
DA:1488,472
DA:1605,225
DA:1606,225
DA:1616,2
DA:1619,2
DA:1622,2
DA:1623,2
DA:1624,2
DA:1626,0
DA:1628,0
DA:1629,0
DA:1687,60
DA:1690,60
DA:1692,60
DA:1693,60
DA:1694,60
DA:1695,60
DA:1697,60
DA:1698,60
DA:1715,374
DA:1717,374
DA:1718,374
DA:1719,374
DA:1720,374
DA:1896,749
DA:1898,749
DA:1899,0
DA:1901,749
DA:1902,749
DA:1907,436
DA:1909,436
DA:1910,0
DA:1912,436
DA:1916,1934
DA:1921,1934
DA:1923,1934
DA:1924,1934
DA:1933,230
DA:1935,230
DA:1937,230
DA:1938,230
DA:1939,230
DA:1942,230
LF:143
LH:136
end_of_record
TN:
SF:/usr/include/c++/13/bits/unordered_map.h
FN:148,148,_ZNSt13unordered_mapI7vector3IiESt6vectorIjSaIjEESt4hashIS1_ESt8equal_toIS1_ESaISt4pairIKS1_S4_EEEC2Ev
FN:312,313,_ZNKSt13unordered_mapI7vector3IiESt6vectorIjSaIjEESt4hashIS1_ESt8equal_toIS1_ESaISt4pairIKS1_S4_EEE5emptyEv
FN:317,318,_ZNKSt13unordered_mapI7vector3IiESt6vectorIjSaIjEESt4hashIS1_ESt8equal_toIS1_ESaISt4pairIKS1_S4_EEE4sizeEv
FN:332,333,_ZNSt13unordered_mapI7vector3IiESt6vectorIjSaIjEESt4hashIS1_ESt8equal_toIS1_ESaISt4pairIKS1_S4_EEE5beginEv
FN:354,355,_ZNSt13unordered_mapI7vector3IiESt6vectorIjSaIjEESt4hashIS1_ESt8equal_toIS1_ESaISt4pairIKS1_S4_EEE3endEv
FN:363,364,_ZNKSt13unordered_mapI7vector3IiESt6vectorIjSaIjEESt4hashIS1_ESt8equal_toIS1_ESaISt4pairIKS1_S4_EEE3endEv
FN:752,753,_ZNSt13unordered_mapI7vector3IiESt6vectorIjSaIjEESt4hashIS1_ESt8equal_toIS1_ESaISt4pairIKS1_S4_EEE5eraseENSt8__detail14_Node_iteratorISB_Lb0ELb1EEE
FN:797,798,_ZNSt13unordered_mapI7vector3IiESt6vectorIjSaIjEESt4hashIS1_ESt8equal_toIS1_ESaISt4pairIKS1_S4_EEE5clearEv
FN:875,876,_ZNSt13unordered_mapI7vector3IiESt6vectorIjSaIjEESt4hashIS1_ESt8equal_toIS1_ESaISt4pairIKS1_S4_EEE4findERSA_
FN:886,887,_ZNKSt13unordered_mapI7vector3IiESt6vectorIjSaIjEESt4hashIS1_ESt8equal_toIS1_ESaISt4pairIKS1_S4_EEE4findERSA_
FN:908,909,_ZNKSt13unordered_mapI7vector3IiESt6vectorIjSaIjEESt4hashIS1_ESt8equal_toIS1_ESaISt4pairIKS1_S4_EEE5countERSA_
FN:986,987,_ZNSt13unordered_mapI7vector3IiESt6vectorIjSaIjEESt4hashIS1_ESt8equal_toIS1_ESaISt4pairIKS1_S4_EEEixERSA_
FN:990,991,_ZNSt13unordered_mapI7vector3IiESt6vectorIjSaIjEESt4hashIS1_ESt8equal_toIS1_ESaISt4pairIKS1_S4_EEEixEOS1_
FNDA:268,_ZNSt13unordered_mapI7vector3IiESt6vectorIjSaIjEESt4hashIS1_ESt8equal_toIS1_ESaISt4pairIKS1_S4_EEEC2Ev
FNDA:8,_ZNKSt13unordered_mapI7vector3IiESt6vectorIjSaIjEESt4hashIS1_ESt8equal_toIS1_ESaISt4pairIKS1_S4_EEE5emptyEv
FNDA:152,_ZNKSt13unordered_mapI7vector3IiESt6vectorIjSaIjEESt4hashIS1_ESt8equal_toIS1_ESaISt4pairIKS1_S4_EEE4sizeEv
FNDA:144,_ZNSt13unordered_mapI7vector3IiESt6vectorIjSaIjEESt4hashIS1_ESt8equal_toIS1_ESaISt4pairIKS1_S4_EEE5beginEv
FNDA:239,_ZNSt13unordered_mapI7vector3IiESt6vectorIjSaIjEESt4hashIS1_ESt8equal_toIS1_ESaISt4pairIKS1_S4_EEE3endEv
FNDA:6048,_ZNKSt13unordered_mapI7vector3IiESt6vectorIjSaIjEESt4hashIS1_ESt8equal_toIS1_ESaISt4pairIKS1_S4_EEE3endEv
FNDA:6,_ZNSt13unordered_mapI7vector3IiESt6vectorIjSaIjEESt4hashIS1_ESt8equal_toIS1_ESaISt4pairIKS1_S4_EEE5eraseENSt8__detail14_Node_iteratorISB_Lb0ELb1EEE
FNDA:150,_ZNSt13unordered_mapI7vector3IiESt6vectorIjSaIjEESt4hashIS1_ESt8equal_toIS1_ESaISt4pairIKS1_S4_EEE5clearEv
FNDA:95,_ZNSt13unordered_mapI7vector3IiESt6vectorIjSaIjEESt4hashIS1_ESt8equal_toIS1_ESaISt4pairIKS1_S4_EEE4findERSA_
FNDA:6048,_ZNKSt13unordered_mapI7vector3IiESt6vectorIjSaIjEESt4hashIS1_ESt8equal_toIS1_ESaISt4pairIKS1_S4_EEE4findERSA_
FNDA:2,_ZNKSt13unordered_mapI7vector3IiESt6vectorIjSaIjEESt4hashIS1_ESt8equal_toIS1_ESaISt4pairIKS1_S4_EEE5countERSA_
FNDA:727,_ZNSt13unordered_mapI7vector3IiESt6vectorIjSaIjEESt4hashIS1_ESt8equal_toIS1_ESaISt4pairIKS1_S4_EEEixERSA_
FNDA:4,_ZNSt13unordered_mapI7vector3IiESt6vectorIjSaIjEESt4hashIS1_ESt8equal_toIS1_ESaISt4pairIKS1_S4_EEEixEOS1_
FNF:13
FNH:13
DA:148,268
DA:312,8
DA:313,8
DA:317,152
DA:318,152
DA:332,144
DA:333,144
DA:354,239
DA:355,239
DA:363,6048
DA:364,6048
DA:752,6
DA:753,6
DA:797,150
DA:798,150
DA:875,95
DA:876,95
DA:886,6048
DA:887,6048
DA:908,2
DA:909,2
DA:986,727
DA:987,727
DA:990,4
DA:991,4
LF:25
LH:25
end_of_record
TN:
SF:/usr/include/c++/13/bits/vector.tcc
FN:111,127,_ZNSt6vectorIN10flockstorm8obstacle6sphereESaIS2_EE12emplace_backIJRK7vector3IfERfSA_EEERS2_DpOT_
FN:111,127,_ZNSt6vectorIjSaIjEE12emplace_backIJRjEEES3_DpOT_
FN:111,127,_ZNSt6vectorIjSaIjEE12emplace_backIJjEEERjDpOT_
FN:315,350,_ZNSt6vectorIjSaIjEE13_M_assign_auxIPKjEEvT_S5_St20forward_iterator_tag
FN:445,524,_ZNSt6vectorIN10flockstorm8obstacle6sphereESaIS2_EE17_M_realloc_insertIJRK7vector3IfERfSA_EEEvN9__gnu_cxx17__normal_iteratorIPS2_S4_EEDpOT_
FN:445,524,_ZNSt6vectorIjSaIjEE17_M_realloc_insertIJRjEEEvN9__gnu_cxx17__normal_iteratorIPjS1_EEDpOT_
FN:445,524,_ZNSt6vectorIjSaIjEE17_M_realloc_insertIJjEEEvN9__gnu_cxx17__normal_iteratorIPjS1_EEDpOT_
FN:634,710,_ZNSt6vectorIjSaIjEE17_M_default_appendEm
FN:751,839,_ZNSt6vectorIjSaIjEE15_M_range_insertIN9__gnu_cxx17__normal_iteratorIPKjS1_EEEEvNS4_IPjS1_EET_SA_St20forward_iterator_tag
FNDA:20,_ZNSt6vectorIN10flockstorm8obstacle6sphereESaIS2_EE12emplace_backIJRK7vector3IfERfSA_EEERS2_DpOT_
FNDA:715,_ZNSt6vectorIjSaIjEE12emplace_backIJRjEEES3_DpOT_
FNDA:8,_ZNSt6vectorIjSaIjEE12emplace_backIJjEEERjDpOT_
FNDA:2,_ZNSt6vectorIjSaIjEE13_M_assign_auxIPKjEEvT_S5_St20forward_iterator_tag
FNDA:20,_ZNSt6vectorIN10flockstorm8obstacle6sphereESaIS2_EE17_M_realloc_insertIJRK7vector3IfERfSA_EEEvN9__gnu_cxx17__normal_iteratorIPS2_S4_EEDpOT_
FNDA:707,_ZNSt6vectorIjSaIjEE17_M_realloc_insertIJRjEEEvN9__gnu_cxx17__normal_iteratorIPjS1_EEDpOT_
FNDA:8,_ZNSt6vectorIjSaIjEE17_M_realloc_insertIJjEEEvN9__gnu_cxx17__normal_iteratorIPjS1_EEDpOT_
FNDA:0,_ZNSt6vectorIjSaIjEE17_M_default_appendEm
FNDA:472,_ZNSt6vectorIjSaIjEE15_M_range_insertIN9__gnu_cxx17__normal_iteratorIPKjS1_EEEEvNS4_IPjS1_EET_SA_St20forward_iterator_tag
FNF:9
FNH:8
DA:111,743
DA:114,743
DA:117,8
DA:119,8
DA:123,735
DA:125,743
DA:315,2
DA:319,2
DA:321,2
DA:323,2
DA:324,2
DA:325,2
DA:326,2
DA:328,2
DA:329,2
DA:330,2
DA:331,2
DA:332,2
DA:333,2
DA:335,0
DA:336,0
DA:339,0
DA:340,0
DA:341,0
DA:342,0
DA:344,0
DA:345,0
DA:347,0
DA:350,2
DA:445,735
DA:455,735
DA:456,735
DA:457,735
DA:458,735
DA:459,735
DA:460,735
DA:468,735
DA:469,735
DA:475,735
DA:480,735
DA:481,735
DA:483,735
DA:485,735
DA:486,735
DA:504,0
DA:506,0
DA:507,0
DA:508,0
DA:510,0
DA:511,0
DA:512,0
DA:519,735
DA:520,735
DA:521,735
DA:522,735
DA:523,735
DA:524,735
DA:634,0
DA:637,0
DA:639,0
DA:640,0
DA:641,0
DA:643,0
DA:644,0
DA:646,0
DA:649,0
DA:650,0
DA:651,0
DA:658,0
DA:659,0
DA:662,0
DA:663,0
DA:668,0
DA:669,0
DA:671,0
DA:673,0
DA:674,0
DA:676,0
DA:677,0
DA:703,0
DA:704,0
DA:705,0
DA:706,0
DA:707,0
DA:710,0
DA:751,472
DA:755,472
DA:757,472
DA:758,472
DA:759,472
DA:761,458
DA:762,458
DA:763,458
DA:766,0
DA:769,0
DA:770,0
DA:772,0
DA:774,0
DA:778,458
DA:781,458
DA:783,458
DA:784,458
DA:786,458
DA:789,458
DA:790,458
DA:792,458
DA:800,14
DA:801,14
DA:804,14
DA:805,14
DA:806,14
DA:811,14
DA:812,14
DA:814,14
DA:816,14
DA:819,14
DA:820,14
DA:822,0
DA:825,0
DA:826,0
DA:827,0
DA:830,14
DA:832,14
DA:833,14
DA:834,14
DA:835,14
DA:836,14
DA:839,472
LF:128
LH:75
end_of_record
TN:
SF:/usr/include/c++/13/cmath
FN:2416,2417,_ZSt9nextafterff
FN:326,327,_ZSt3loge
FN:438,439,_ZSt4sqrtf
FNDA:0,_ZSt9nextafterff
FNDA:1008,_ZSt3loge
FNDA:132,_ZSt4sqrtf
FNF:3
FNH:2
DA:326,1008
DA:327,1008
DA:438,132
DA:439,132
DA:2416,0
DA:2417,0
LF:6
LH:4
end_of_record
TN:
SF:/usr/include/c++/13/ext/aligned_buffer.h
FN:104,107,_ZN9__gnu_cxx16__aligned_bufferISt4pairIK7vector3IiESt6vectorIjSaIjEEEE7_M_addrEv
FN:110,113,_ZNK9__gnu_cxx16__aligned_bufferISt4pairIK7vector3IiESt6vectorIjSaIjEEEE7_M_addrEv
FN:116,117,_ZN9__gnu_cxx16__aligned_bufferISt4pairIK7vector3IiESt6vectorIjSaIjEEEE6_M_ptrEv
FN:120,121,_ZNK9__gnu_cxx16__aligned_bufferISt4pairIK7vector3IiESt6vectorIjSaIjEEEE6_M_ptrEv
FNDA:3044,_ZN9__gnu_cxx16__aligned_bufferISt4pairIK7vector3IiESt6vectorIjSaIjEEEE7_M_addrEv
FNDA:611,_ZNK9__gnu_cxx16__aligned_bufferISt4pairIK7vector3IiESt6vectorIjSaIjEEEE7_M_addrEv
FNDA:3044,_ZN9__gnu_cxx16__aligned_bufferISt4pairIK7vector3IiESt6vectorIjSaIjEEEE6_M_ptrEv
FNDA:611,_ZNK9__gnu_cxx16__aligned_bufferISt4pairIK7vector3IiESt6vectorIjSaIjEEEE6_M_ptrEv
FNF:4
FNH:4
DA:104,3044
DA:106,3044
DA:110,611
DA:112,611
DA:116,3044
DA:117,3044
DA:120,611
DA:121,611
LF:8
LH:8
end_of_record
TN:
SF:/usr/include/c++/13/initializer_list
FN:69,69,_ZNKSt16initializer_listIjE4sizeEv
FN:73,73,_ZNKSt16initializer_listIjE5beginEv
FN:77,77,_ZNKSt16initializer_listIjE3endEv
FNDA:62,_ZNKSt16initializer_listIjE4sizeEv
FNDA:124,_ZNKSt16initializer_listIjE5beginEv
FNDA:62,_ZNKSt16initializer_listIjE3endEv
FNF:3
FNH:3
DA:69,62
DA:73,124
DA:77,62
LF:3
LH:3
end_of_record
TN:
SF:/usr/include/c++/13/new
FN:174,175,_ZnwmPv
FN:180,180,_ZdlPvS_
FNDA:89219,_ZnwmPv
FNDA:0,_ZdlPvS_
FNF:2
FNH:1
DA:174,89219
DA:175,89219
DA:180,0
LF:3
LH:2
end_of_record
TN:
SF:/usr/include/c++/13/tuple
FN:1787,1788,_ZSt12__get_helperILm0EO7vector3IiEJEERT0_RSt11_Tuple_implIXT_EJS3_DpT1_EE
FN:1787,1788,_ZSt12__get_helperILm0ERK7vector3IiEJEERT0_RSt11_Tuple_implIXT_EJS4_DpT1_EE
FN:1803,1804,_ZSt3getILm0EJO7vector3IiEEERNSt13tuple_elementIXT_ESt5tupleIJDpT0_EEE4typeERS7_
FN:1803,1804,_ZSt3getILm0EJRK7vector3IiEEERNSt13tuple_elementIXT_ESt5tupleIJDpT0_EEE4typeERS8_
FN:193,194,_ZNSt10_Head_baseILm0ERK7vector3IiELb0EEC2ES3_
FN:200,201,_ZNSt10_Head_baseILm0EO7vector3IiELb0EEC2IS1_EEOT_
FN:2013,2014,_ZSt16forward_as_tupleIJ7vector3IiEEESt5tupleIJDpOT_EES5_
FN:2252,2258,_ZNSt4pairIK7vector3IiESt6vectorIjSaIjEEEC2IJOS1_EJEEESt21piecewise_construct_tSt5tupleIJDpT_EESA_IJDpT0_EE
FN:2252,2258,_ZNSt4pairIK7vector3IiESt6vectorIjSaIjEEEC2IJRS2_EJEEESt21piecewise_construct_tSt5tupleIJDpT_EESA_IJDpT0_EE
FN:2264,2269,_ZNSt4pairIK7vector3IiESt6vectorIjSaIjEEEC2IJOS1_EJLm0EEJEJEEERSt5tupleIJDpT_EERS9_IJDpT1_EESt12_Index_tupleIJXspT0_EEESI_IJXspT2_EEE
FN:2264,2269,_ZNSt4pairIK7vector3IiESt6vectorIjSaIjEEEC2IJRS2_EJLm0EEJEJEEERSt5tupleIJDpT_EERS9_IJDpT1_EESt12_Index_tupleIJXspT0_EEESI_IJXspT2_EEE
FN:234,234,_ZNSt10_Head_baseILm0EO7vector3IiELb0EE7_M_headERS3_
FN:234,234,_ZNSt10_Head_baseILm0ERK7vector3IiELb0EE7_M_headERS4_
FN:497,497,_ZNSt11_Tuple_implILm0EJO7vector3IiEEE7_M_headERS3_
FN:497,497,_ZNSt11_Tuple_implILm0EJRK7vector3IiEEE7_M_headERS4_
FN:507,509,_ZNSt11_Tuple_implILm0EJRK7vector3IiEEEC2ES3_
FN:513,515,_ZNSt11_Tuple_implILm0EJO7vector3IiEEEC2IS1_EEOT_
FN:527,530,_ZNSt11_Tuple_implILm0EJO7vector3IiEEEC2EOS3_
FN:527,530,_ZNSt11_Tuple_implILm0EJRK7vector3IiEEEC2EOS4_
FN:874,876,_ZNSt5tupleIJRK7vector3IiEEEC2ILb1ELb1EEES3_
FN:889,891,_ZNSt5tupleIJO7vector3IiEEEC2IJS1_ELb1ELb1EEEDpOT_
FN:903,903,_ZNSt5tupleIJO7vector3IiEEEC2EOS3_
FN:903,903,_ZNSt5tupleIJRK7vector3IiEEEC2EOS4_
FNDA:4,_ZSt12__get_helperILm0EO7vector3IiEJEERT0_RSt11_Tuple_implIXT_EJS3_DpT1_EE
FNDA:609,_ZSt12__get_helperILm0ERK7vector3IiEJEERT0_RSt11_Tuple_implIXT_EJS4_DpT1_EE
FNDA:4,_ZSt3getILm0EJO7vector3IiEEERNSt13tuple_elementIXT_ESt5tupleIJDpT0_EEE4typeERS7_
FNDA:609,_ZSt3getILm0EJRK7vector3IiEEERNSt13tuple_elementIXT_ESt5tupleIJDpT0_EEE4typeERS8_
FNDA:609,_ZNSt10_Head_baseILm0ERK7vector3IiELb0EEC2ES3_
FNDA:4,_ZNSt10_Head_baseILm0EO7vector3IiELb0EEC2IS1_EEOT_
FNDA:4,_ZSt16forward_as_tupleIJ7vector3IiEEESt5tupleIJDpOT_EES5_
FNDA:4,_ZNSt4pairIK7vector3IiESt6vectorIjSaIjEEEC2IJOS1_EJEEESt21piecewise_construct_tSt5tupleIJDpT_EESA_IJDpT0_EE
FNDA:609,_ZNSt4pairIK7vector3IiESt6vectorIjSaIjEEEC2IJRS2_EJEEESt21piecewise_construct_tSt5tupleIJDpT_EESA_IJDpT0_EE
FNDA:4,_ZNSt4pairIK7vector3IiESt6vectorIjSaIjEEEC2IJOS1_EJLm0EEJEJEEERSt5tupleIJDpT_EERS9_IJDpT1_EESt12_Index_tupleIJXspT0_EEESI_IJXspT2_EEE
FNDA:609,_ZNSt4pairIK7vector3IiESt6vectorIjSaIjEEEC2IJRS2_EJLm0EEJEJEEERSt5tupleIJDpT_EERS9_IJDpT1_EESt12_Index_tupleIJXspT0_EEESI_IJXspT2_EEE
FNDA:4,_ZNSt10_Head_baseILm0EO7vector3IiELb0EE7_M_headERS3_
FNDA:609,_ZNSt10_Head_baseILm0ERK7vector3IiELb0EE7_M_headERS4_
FNDA:4,_ZNSt11_Tuple_implILm0EJO7vector3IiEEE7_M_headERS3_
FNDA:609,_ZNSt11_Tuple_implILm0EJRK7vector3IiEEE7_M_headERS4_
FNDA:609,_ZNSt11_Tuple_implILm0EJRK7vector3IiEEEC2ES3_
FNDA:4,_ZNSt11_Tuple_implILm0EJO7vector3IiEEEC2IS1_EEOT_
FNDA:4,_ZNSt11_Tuple_implILm0EJO7vector3IiEEEC2EOS3_
FNDA:609,_ZNSt11_Tuple_implILm0EJRK7vector3IiEEEC2EOS4_
FNDA:609,_ZNSt5tupleIJRK7vector3IiEEEC2ILb1ELb1EEES3_
FNDA:4,_ZNSt5tupleIJO7vector3IiEEEC2IJS1_ELb1ELb1EEEDpOT_
FNDA:4,_ZNSt5tupleIJO7vector3IiEEEC2EOS3_
FNDA:609,_ZNSt5tupleIJRK7vector3IiEEEC2EOS4_
FNF:23
FNH:23
DA:193,609
DA:194,609
DA:200,4
DA:201,4
DA:234,613
DA:497,613
DA:507,609
DA:508,609
DA:509,609
DA:513,4
DA:514,4
DA:515,4
DA:527,613
DA:529,613
DA:530,613
DA:874,609
DA:876,609
DA:889,4
DA:891,4
DA:903,613
DA:1787,613
DA:1788,613
DA:1803,613
DA:1804,613
DA:2013,4
DA:2014,4
DA:2252,613
DA:2257,613
DA:2258,613
DA:2264,613
DA:2267,613
DA:2268,613
DA:2269,613
LF:33
LH:33
end_of_record
TN:
SF:/usr/include/c++/13/type_traits
FN:3649,3656,_ZSt21is_constant_evaluatedv
FNDA:24835,_ZSt21is_constant_evaluatedv
FNF:1
FNH:1
DA:3649,24835
DA:3652,24835
LF:2
LH:2
end_of_record
TN:
SF:/usr/include/x86_64-linux-gnu/c++/13/bits/c++config.h
FN:540,551,_ZSt23__is_constant_evaluatedv
FNDA:298660,_ZSt23__is_constant_evaluatedv
FNF:1
FNH:1
DA:540,298660
DA:544,298660
LF:2
LH:2
end_of_record
