TN:
SF:/home/runner/work/flockstorm/flockstorm/flockstorm/grid/base.cpp
FN:11,14,_ZNK10flockstorm4grid4base8get_cellERK7vector3IfE
FN:6,9,_ZN10flockstorm4grid4base5clearEv
FNDA:568,_ZNK10flockstorm4grid4base8get_cellERK7vector3IfE
FNDA:75,_ZN10flockstorm4grid4base5clearEv
FNF:2
FNH:2
DA:6,75
DA:8,75
DA:9,75
DA:11,568
DA:13,568
LF:5
LH:5
end_of_record
TN:
SF:/home/runner/work/flockstorm/flockstorm/flockstorm/grid/boid.cpp
FN:11,14,_ZN10flockstorm4grid4boidC2Ej
FN:16,50,_ZN10flockstorm4grid4boid6updateEjRK7vector3IfE
FNDA:97,_ZN10flockstorm4grid4boidC2Ej
FNDA:119,_ZN10flockstorm4grid4boid6updateEjRK7vector3IfE
FNF:2
FNH:2
DA:11,97
DA:12,194
DA:14,97
DA:16,119
DA:18,119
DA:19,238
DA:21,7
DA:23,7
DA:24,0
DA:27,7
DA:28,7
DA:30,3
DA:33,4
DA:35,4
DA:36,0
DA:39,4
DA:40,4
DA:47,7
DA:48,7
DA:50,119
LF:20
LH:18
end_of_record
TN:
SF:/home/runner/work/flockstorm/flockstorm/flockstorm/grid/get_cell.cpp
FN:7,14,_ZN10flockstorm4grid8get_cellERK7vector3IfEf
FNDA:579,_ZN10flockstorm4grid8get_cellERK7vector3IfEf
FNF:1
FNH:1
DA:7,579
DA:10,579
DA:11,579
DA:12,579
DA:13,2316
LF:5
LH:5
end_of_record
TN:
SF:/home/runner/work/flockstorm/flockstorm/flockstorm/manager.cpp
FN:102,108,_ZNK10flockstorm7manager16get_accelerationEj
FN:110,116,_ZN10flockstorm7manager12set_positionEjRK7vector3IfE
FN:117,123,_ZN10flockstorm7manager12set_velocityEjRK7vector3IfE
FN:124,130,_ZN10flockstorm7manager16set_accelerationEjRK7vector3IfE
FN:132,149,_ZN10flockstorm7manager27update_grid_neighbour_boidsERK7vector3IiERKNS_4grid4boidE
FN:15,18,_ZN10flockstorm7managerD2Ev
FN:151,214,_ZN10flockstorm7manager14populate_gridsEv
FN:20,52,_ZN10flockstorm7manager29update_precomputed_quantitiesEv
FN:216,238,_ZN10flockstorm7manager22dump_grid_memory_usageEv
FN:240,244,_ZN10flockstorm7manager6updateEv
FN:246,394,_ZN10flockstorm7manager14update_partialEjj
FN:396,424,_ZN10flockstorm7manager23update_partial_finaliseEv
FN:54,58,_ZN10flockstorm7manager19add_obstacle_sphereERK7vector3IfEf
FN:60,75,_ZN10flockstorm7manager25distribute_boids_randomlyERK5aabb3IfEm
FN:76,86,_ZN10flockstorm7manager26set_goal_position_randomlyERK5aabb3IfEm
FN:8,13,_ZN10flockstorm7managerC2Ej
FN:88,94,_ZNK10flockstorm7manager12get_positionEj
FN:95,101,_ZNK10flockstorm7manager12get_velocityEj
FNDA:1,_ZNK10flockstorm7manager16get_accelerationEj
FNDA:12,_ZN10flockstorm7manager12set_positionEjRK7vector3IfE
FNDA:9,_ZN10flockstorm7manager12set_velocityEjRK7vector3IfE
FNDA:1,_ZN10flockstorm7manager16set_accelerationEjRK7vector3IfE
FNDA:110,_ZN10flockstorm7manager27update_grid_neighbour_boidsERK7vector3IiERKNS_4grid4boidE
FNDA:30,_ZN10flockstorm7managerD2Ev
FNDA:18,_ZN10flockstorm7manager14populate_gridsEv
FNDA:32,_ZN10flockstorm7manager29update_precomputed_quantitiesEv
FNDA:18,_ZN10flockstorm7manager22dump_grid_memory_usageEv
FNDA:26,_ZN10flockstorm7manager6updateEv
FNDA:28,_ZN10flockstorm7manager14update_partialEjj
FNDA:27,_ZN10flockstorm7manager23update_partial_finaliseEv
FNDA:10,_ZN10flockstorm7manager19add_obstacle_sphereERK7vector3IfEf
FNDA:10,_ZN10flockstorm7manager25distribute_boids_randomlyERK5aabb3IfEm
FNDA:1,_ZN10flockstorm7manager26set_goal_position_randomlyERK5aabb3IfEm
FNDA:30,_ZN10flockstorm7managerC2Ej
FNDA:82,_ZNK10flockstorm7manager12get_positionEj
FNDA:24,_ZNK10flockstorm7manager12get_velocityEj
FNF:18
FNH:18
DA:8,30
DA:9,270
DA:11,30
DA:12,30
DA:13,30
DA:15,30
DA:17,30
DA:18,30
DA:20,32
DA:25,32
DA:26,32
DA:27,32
DA:28,32
DA:29,32
DA:30,32
DA:31,32
DA:32,32
DA:36,33
DA:37,1
DA:52,32
DA:54,10
DA:56,10
DA:57,10
DA:60,10
DA:65,10
DA:66,10
DA:67,10
DA:68,10
DA:69,93
DA:70,83
DA:71,83
DA:72,83
DA:74,10
DA:75,10
DA:76,1
DA:81,1
DA:82,1
DA:83,1
DA:84,1
DA:85,1
DA:86,1
DA:88,82
DA:92,82
DA:95,24
DA:99,24
DA:102,1
DA:106,1
DA:110,12
DA:114,12
DA:116,12
DA:117,9
DA:121,9
DA:123,9
DA:124,1
DA:128,1
DA:130,1
DA:132,110
DA:134,110
DA:137,440
DA:138,1320
DA:139,3960
DA:140,5940
DA:141,2970
DA:142,2736
DA:144,234
DA:145,234
DA:149,110
DA:151,18
DA:157,18
DA:158,18
DA:159,18
DA:160,18
DA:163,21
DA:164,3
DA:165,3
DA:166,3
DA:167,6
DA:168,3
DA:169,3
DA:170,3
DA:171,3
DA:172,3
DA:176,12
DA:177,36
DA:178,108
DA:179,162
DA:180,162
DA:181,81
DA:182,60
DA:193,114
DA:195,96
DA:196,96
DA:197,96
DA:200,96
DA:201,96
DA:202,96
DA:205,96
DA:206,96
DA:207,96
DA:212,18
DA:214,18
DA:216,18
DA:218,18
DA:219,18
DA:220,18
DA:221,18
DA:222,107
DA:223,89
DA:225,78
DA:226,60
DA:228,92
DA:229,74
DA:231,88
DA:232,70
DA:234,18
DA:235,18
DA:236,18
DA:237,18
DA:238,18
DA:240,26
DA:242,26
DA:243,26
DA:244,26
DA:246,28
DA:249,66
DA:251,38
DA:253,38
DA:259,38
DA:260,1
DA:261,0
DA:265,38
DA:266,38
DA:267,38
DA:268,2
DA:269,1
DA:270,2
DA:271,1
DA:272,2
DA:273,1
DA:274,1
DA:275,5
DA:280,38
DA:285,0
DA:286,0
DA:291,38
DA:293,38
DA:294,106
DA:295,68
DA:296,38
DA:298,60
DA:299,30
DA:300,14
DA:301,70
DA:305,38
DA:310,2
DA:311,2
DA:316,36
DA:317,36
DA:318,36
DA:320,36
DA:321,132
DA:322,96
DA:323,36
DA:325,120
DA:326,60
DA:327,24
DA:328,48
DA:329,24
DA:332,36
DA:333,12
DA:334,36
DA:337,36
DA:342,0
DA:343,0
DA:348,36
DA:349,36
DA:350,36
DA:352,36
DA:353,132
DA:354,96
DA:355,36
DA:357,120
DA:358,60
DA:359,28
DA:360,28
DA:363,36
DA:364,12
DA:365,12
DA:366,24
DA:367,36
DA:370,36
DA:375,0
DA:376,0
DA:381,36
DA:382,144
DA:385,36
DA:390,0
DA:391,0
DA:394,28
DA:396,27
DA:399,65
DA:400,38
DA:401,38
DA:402,38
DA:408,38
DA:418,65
DA:419,38
DA:420,38
DA:421,38
DA:422,38
DA:424,27
LF:211
LH:202
end_of_record
TN:
SF:/home/runner/work/flockstorm/flockstorm/flockstorm/manager.h
FN:31,33,_ZN10flockstorm7managerUt_5clearEv
FNDA:1,_ZN10flockstorm7managerUt_5clearEv
FNF:1
FNH:1
DA:31,1
DA:32,1
DA:33,1
LF:3
LH:3
end_of_record
TN:
SF:/home/runner/work/flockstorm/flockstorm/flockstorm/obstacle/sphere.cpp
FN:18,21,_ZN10flockstorm8obstacle6sphere6updateEf
FN:8,16,_ZN10flockstorm8obstacle6sphereC2ERK7vector3IfEff
FNDA:23,_ZN10flockstorm8obstacle6sphere6updateEf
FNDA:19,_ZN10flockstorm8obstacle6sphereC2ERK7vector3IfEff
FNF:2
FNH:2
DA:8,19
DA:9,19
DA:10,19
DA:12,19
DA:16,19
DA:18,23
DA:19,23
DA:20,23
DA:21,23
LF:9
LH:9
end_of_record
